[2025-04-14T14:05:09.519+0000] {manager.py:487} INFO - Processing files using up to 2 processes at a time 
[2025-04-14T14:05:09.520+0000] {manager.py:488} INFO - Process each file at most once every 30 seconds
[2025-04-14T14:05:09.520+0000] {manager.py:489} INFO - Checking for new files in /opt/airflow/dags every 300 seconds
[2025-04-14T14:05:09.521+0000] {manager.py:759} INFO - Searching for files in /opt/airflow/dags
[2025-04-14T14:05:09.525+0000] {manager.py:762} INFO - There are 0 files in /opt/airflow/dags
[2025-04-14T14:10:09.626+0000] {manager.py:759} INFO - Searching for files in /opt/airflow/dags
[2025-04-14T14:10:09.639+0000] {manager.py:762} INFO - There are 0 files in /opt/airflow/dags
[2025-04-14T14:15:10.433+0000] {manager.py:759} INFO - Searching for files in /opt/airflow/dags
[2025-04-14T14:15:10.445+0000] {manager.py:762} INFO - There are 0 files in /opt/airflow/dags
[2025-04-14T14:20:10.616+0000] {manager.py:759} INFO - Searching for files in /opt/airflow/dags
[2025-04-14T14:20:10.628+0000] {manager.py:762} INFO - There are 0 files in /opt/airflow/dags
[2025-04-14T14:25:10.740+0000] {manager.py:759} INFO - Searching for files in /opt/airflow/dags
[2025-04-14T14:25:10.753+0000] {manager.py:762} INFO - There are 0 files in /opt/airflow/dags
[2025-04-14T14:30:11.617+0000] {manager.py:759} INFO - Searching for files in /opt/airflow/dags
[2025-04-14T14:30:11.625+0000] {manager.py:762} INFO - There are 0 files in /opt/airflow/dags
[2025-04-14T14:35:12.143+0000] {manager.py:759} INFO - Searching for files in /opt/airflow/dags
[2025-04-14T14:35:12.157+0000] {manager.py:762} INFO - There are 0 files in /opt/airflow/dags
[2025-04-14T14:40:12.637+0000] {manager.py:759} INFO - Searching for files in /opt/airflow/dags
[2025-04-14T14:40:12.645+0000] {manager.py:762} INFO - There are 0 files in /opt/airflow/dags
[2025-04-14T14:45:13.531+0000] {manager.py:759} INFO - Searching for files in /opt/airflow/dags
[2025-04-14T14:45:13.539+0000] {manager.py:762} INFO - There are 0 files in /opt/airflow/dags
[2025-04-14T14:50:13.554+0000] {manager.py:759} INFO - Searching for files in /opt/airflow/dags
[2025-04-14T14:50:13.562+0000] {manager.py:762} INFO - There are 0 files in /opt/airflow/dags
[2025-04-14T15:09:47.895+0000] {manager.py:759} INFO - Searching for files in /opt/airflow/dags
[2025-04-14T15:09:47.904+0000] {manager.py:762} INFO - There are 0 files in /opt/airflow/dags
[2025-04-14T15:14:48.624+0000] {manager.py:759} INFO - Searching for files in /opt/airflow/dags
[2025-04-14T15:14:48.632+0000] {manager.py:762} INFO - There are 0 files in /opt/airflow/dags
[2025-04-14T15:19:48.665+0000] {manager.py:759} INFO - Searching for files in /opt/airflow/dags
[2025-04-14T15:19:48.668+0000] {manager.py:762} INFO - There are 0 files in /opt/airflow/dags
[2025-04-14T15:24:49.255+0000] {manager.py:759} INFO - Searching for files in /opt/airflow/dags
[2025-04-14T15:24:49.263+0000] {manager.py:762} INFO - There are 0 files in /opt/airflow/dags
[2025-04-14T15:29:49.436+0000] {manager.py:759} INFO - Searching for files in /opt/airflow/dags
[2025-04-14T15:29:49.442+0000] {manager.py:762} INFO - There are 0 files in /opt/airflow/dags
[2025-04-14T15:34:49.485+0000] {manager.py:759} INFO - Searching for files in /opt/airflow/dags
[2025-04-14T15:34:49.494+0000] {manager.py:762} INFO - There are 0 files in /opt/airflow/dags
[2025-04-14T15:39:49.585+0000] {manager.py:759} INFO - Searching for files in /opt/airflow/dags
[2025-04-14T15:39:49.597+0000] {manager.py:762} INFO - There are 0 files in /opt/airflow/dags
[2025-04-14T15:44:50.289+0000] {manager.py:759} INFO - Searching for files in /opt/airflow/dags
[2025-04-14T15:44:50.294+0000] {manager.py:762} INFO - There are 0 files in /opt/airflow/dags
[2025-04-14T15:49:51.085+0000] {manager.py:759} INFO - Searching for files in /opt/airflow/dags
[2025-04-14T15:49:51.093+0000] {manager.py:762} INFO - There are 0 files in /opt/airflow/dags
[2025-04-14T15:54:51.520+0000] {manager.py:759} INFO - Searching for files in /opt/airflow/dags
[2025-04-14T15:54:51.533+0000] {manager.py:762} INFO - There are 0 files in /opt/airflow/dags
[2025-04-14T15:59:51.815+0000] {manager.py:759} INFO - Searching for files in /opt/airflow/dags
[2025-04-14T15:59:51.826+0000] {manager.py:762} INFO - There are 0 files in /opt/airflow/dags
[2025-04-14T16:04:52.403+0000] {manager.py:759} INFO - Searching for files in /opt/airflow/dags
[2025-04-14T16:04:52.412+0000] {manager.py:762} INFO - There are 0 files in /opt/airflow/dags
[2025-04-14T16:09:52.510+0000] {manager.py:759} INFO - Searching for files in /opt/airflow/dags
[2025-04-14T16:09:52.519+0000] {manager.py:762} INFO - There are 0 files in /opt/airflow/dags
[2025-04-14T16:14:53.437+0000] {manager.py:759} INFO - Searching for files in /opt/airflow/dags
[2025-04-14T16:14:53.448+0000] {manager.py:762} INFO - There are 0 files in /opt/airflow/dags
[2025-04-14T16:19:54.304+0000] {manager.py:759} INFO - Searching for files in /opt/airflow/dags
[2025-04-14T16:19:54.309+0000] {manager.py:762} INFO - There are 0 files in /opt/airflow/dags
[2025-04-14T16:24:55.131+0000] {manager.py:759} INFO - Searching for files in /opt/airflow/dags
[2025-04-14T16:24:55.138+0000] {manager.py:762} INFO - There are 0 files in /opt/airflow/dags
[2025-04-14T16:29:56.029+0000] {manager.py:759} INFO - Searching for files in /opt/airflow/dags
[2025-04-14T16:29:56.043+0000] {manager.py:762} INFO - There are 0 files in /opt/airflow/dags
[2025-04-14T16:34:56.861+0000] {manager.py:759} INFO - Searching for files in /opt/airflow/dags
[2025-04-14T16:34:56.873+0000] {manager.py:762} INFO - There are 0 files in /opt/airflow/dags
[2025-04-14T16:43:37.920+0000] {manager.py:759} INFO - Searching for files in /opt/airflow/dags
[2025-04-14T16:43:37.923+0000] {manager.py:762} INFO - There are 0 files in /opt/airflow/dags
[2025-04-14T16:48:38.448+0000] {manager.py:759} INFO - Searching for files in /opt/airflow/dags
[2025-04-14T16:48:38.461+0000] {manager.py:762} INFO - There are 0 files in /opt/airflow/dags
[2025-04-14T17:48:53.815+0000] {manager.py:487} INFO - Processing files using up to 2 processes at a time 
[2025-04-14T17:48:53.816+0000] {manager.py:488} INFO - Process each file at most once every 30 seconds
[2025-04-14T17:48:53.817+0000] {manager.py:489} INFO - Checking for new files in /opt/airflow/dags every 300 seconds
[2025-04-14T17:48:53.818+0000] {manager.py:759} INFO - Searching for files in /opt/airflow/dags
[2025-04-14T17:48:53.821+0000] {manager.py:762} INFO - There are 0 files in /opt/airflow/dags
[2025-04-14T17:53:54.787+0000] {manager.py:759} INFO - Searching for files in /opt/airflow/dags
[2025-04-14T17:53:54.799+0000] {manager.py:762} INFO - There are 0 files in /opt/airflow/dags
[2025-04-14T17:58:55.207+0000] {manager.py:759} INFO - Searching for files in /opt/airflow/dags
[2025-04-14T17:58:55.219+0000] {manager.py:762} INFO - There are 0 files in /opt/airflow/dags
[2025-04-14T18:18:45.176+0000] {manager.py:759} INFO - Searching for files in /opt/airflow/dags
[2025-04-14T18:18:45.182+0000] {manager.py:762} INFO - There are 0 files in /opt/airflow/dags
[2025-04-14T18:58:17.958+0000] {manager.py:759} INFO - Searching for files in /opt/airflow/dags
[2025-04-14T18:58:17.970+0000] {manager.py:762} INFO - There are 0 files in /opt/airflow/dags
[2025-04-14T19:03:18.725+0000] {manager.py:759} INFO - Searching for files in /opt/airflow/dags
[2025-04-14T19:03:18.738+0000] {manager.py:762} INFO - There are 0 files in /opt/airflow/dags
[2025-04-14T19:08:18.811+0000] {manager.py:759} INFO - Searching for files in /opt/airflow/dags
[2025-04-14T19:08:18.821+0000] {manager.py:762} INFO - There are 0 files in /opt/airflow/dags
[2025-04-14T19:34:50.750+0000] {manager.py:759} INFO - Searching for files in /opt/airflow/dags
[2025-04-14T19:34:50.756+0000] {manager.py:762} INFO - There are 0 files in /opt/airflow/dags
[2025-04-14T19:39:51.477+0000] {manager.py:759} INFO - Searching for files in /opt/airflow/dags
[2025-04-14T19:39:51.486+0000] {manager.py:762} INFO - There are 0 files in /opt/airflow/dags
[2025-04-14T20:13:09.384+0000] {manager.py:759} INFO - Searching for files in /opt/airflow/dags
[2025-04-14T20:13:09.474+0000] {manager.py:762} INFO - There are 0 files in /opt/airflow/dags
[2025-04-14T20:18:09.752+0000] {manager.py:759} INFO - Searching for files in /opt/airflow/dags
[2025-04-14T20:18:09.761+0000] {manager.py:762} INFO - There are 0 files in /opt/airflow/dags
[2025-04-14T20:23:10.031+0000] {manager.py:759} INFO - Searching for files in /opt/airflow/dags
[2025-04-14T20:23:10.041+0000] {manager.py:762} INFO - There are 0 files in /opt/airflow/dags
[2025-04-14T20:39:39.555+0000] {manager.py:759} INFO - Searching for files in /opt/airflow/dags
[2025-04-14T20:39:39.718+0000] {manager.py:762} INFO - There are 0 files in /opt/airflow/dags
[2025-04-14T20:44:40.117+0000] {manager.py:759} INFO - Searching for files in /opt/airflow/dags
[2025-04-14T20:44:40.125+0000] {manager.py:762} INFO - There are 0 files in /opt/airflow/dags
[2025-04-14T20:49:40.793+0000] {manager.py:759} INFO - Searching for files in /opt/airflow/dags
[2025-04-14T20:49:40.798+0000] {manager.py:762} INFO - There are 0 files in /opt/airflow/dags
[2025-04-14T20:54:41.513+0000] {manager.py:759} INFO - Searching for files in /opt/airflow/dags
[2025-04-14T20:54:41.522+0000] {manager.py:762} INFO - There are 0 files in /opt/airflow/dags
[2025-04-14T20:59:41.817+0000] {manager.py:759} INFO - Searching for files in /opt/airflow/dags
[2025-04-14T20:59:41.826+0000] {manager.py:762} INFO - There are 0 files in /opt/airflow/dags
[2025-04-14T21:04:42.515+0000] {manager.py:759} INFO - Searching for files in /opt/airflow/dags
[2025-04-14T21:04:42.526+0000] {manager.py:762} INFO - There are 0 files in /opt/airflow/dags
[2025-04-14T21:09:42.566+0000] {manager.py:759} INFO - Searching for files in /opt/airflow/dags
[2025-04-14T21:09:42.572+0000] {manager.py:762} INFO - There are 0 files in /opt/airflow/dags
[2025-04-14T21:14:43.354+0000] {manager.py:759} INFO - Searching for files in /opt/airflow/dags
[2025-04-14T21:14:43.366+0000] {manager.py:762} INFO - There are 0 files in /opt/airflow/dags
[2025-04-14T21:19:43.928+0000] {manager.py:759} INFO - Searching for files in /opt/airflow/dags
[2025-04-14T21:19:43.940+0000] {manager.py:762} INFO - There are 0 files in /opt/airflow/dags
[2025-04-14T21:24:44.588+0000] {manager.py:759} INFO - Searching for files in /opt/airflow/dags
[2025-04-14T21:24:44.598+0000] {manager.py:762} INFO - There are 0 files in /opt/airflow/dags
[2025-04-14T21:29:45.076+0000] {manager.py:759} INFO - Searching for files in /opt/airflow/dags
[2025-04-14T21:29:45.084+0000] {manager.py:762} INFO - There are 0 files in /opt/airflow/dags
[2025-04-14T21:34:45.654+0000] {manager.py:759} INFO - Searching for files in /opt/airflow/dags
[2025-04-14T21:34:45.658+0000] {manager.py:762} INFO - There are 0 files in /opt/airflow/dags
[2025-04-14T21:54:19.424+0000] {manager.py:759} INFO - Searching for files in /opt/airflow/dags
[2025-04-14T22:04:52.451+0000] {manager.py:762} INFO - There are 0 files in /opt/airflow/dags
[2025-04-14T22:04:52.501+0000] {manager.py:759} INFO - Searching for files in /opt/airflow/dags
[2025-04-14T22:04:52.514+0000] {manager.py:762} INFO - There are 0 files in /opt/airflow/dags
[2025-04-14T22:09:52.807+0000] {manager.py:759} INFO - Searching for files in /opt/airflow/dags
[2025-04-14T22:09:52.816+0000] {manager.py:762} INFO - There are 0 files in /opt/airflow/dags
[2025-04-14T22:14:53.640+0000] {manager.py:759} INFO - Searching for files in /opt/airflow/dags
[2025-04-14T22:14:53.651+0000] {manager.py:762} INFO - There are 0 files in /opt/airflow/dags
[2025-04-14T22:19:54.113+0000] {manager.py:759} INFO - Searching for files in /opt/airflow/dags
[2025-04-14T22:19:54.119+0000] {manager.py:762} INFO - There are 0 files in /opt/airflow/dags
[2025-04-14T22:24:54.881+0000] {manager.py:759} INFO - Searching for files in /opt/airflow/dags
[2025-04-14T22:24:54.902+0000] {manager.py:762} INFO - There are 0 files in /opt/airflow/dags
[2025-04-14T22:29:54.983+0000] {manager.py:759} INFO - Searching for files in /opt/airflow/dags
[2025-04-14T22:29:54.994+0000] {manager.py:762} INFO - There are 0 files in /opt/airflow/dags
[2025-04-14T23:33:19.985+0000] {manager.py:759} INFO - Searching for files in /opt/airflow/dags
[2025-04-14T23:33:20.010+0000] {manager.py:762} INFO - There are 0 files in /opt/airflow/dags
[2025-04-14T23:38:20.573+0000] {manager.py:759} INFO - Searching for files in /opt/airflow/dags
[2025-04-14T23:38:20.589+0000] {manager.py:762} INFO - There are 0 files in /opt/airflow/dags
[2025-04-14T23:43:20.623+0000] {manager.py:759} INFO - Searching for files in /opt/airflow/dags
[2025-04-14T23:43:20.634+0000] {manager.py:762} INFO - There are 0 files in /opt/airflow/dags
[2025-04-15T00:18:40.645+0000] {manager.py:759} INFO - Searching for files in /opt/airflow/dags
[2025-04-15T00:18:40.651+0000] {manager.py:762} INFO - There are 0 files in /opt/airflow/dags
[2025-04-15T02:58:47.502+0000] {manager.py:759} INFO - Searching for files in /opt/airflow/dags
[2025-04-15T02:58:47.823+0000] {manager.py:762} INFO - There are 0 files in /opt/airflow/dags
[2025-04-15T04:35:53.581+0000] {manager.py:759} INFO - Searching for files in /opt/airflow/dags
[2025-04-15T04:35:53.588+0000] {manager.py:762} INFO - There are 0 files in /opt/airflow/dags
[2025-04-15T05:10:11.864+0000] {manager.py:759} INFO - Searching for files in /opt/airflow/dags
[2025-04-15T05:10:11.871+0000] {manager.py:762} INFO - There are 0 files in /opt/airflow/dags
[2025-04-15T05:15:28.437+0000] {manager.py:759} INFO - Searching for files in /opt/airflow/dags
[2025-04-15T05:15:28.444+0000] {manager.py:762} INFO - There are 0 files in /opt/airflow/dags
[2025-04-15T05:20:28.999+0000] {manager.py:759} INFO - Searching for files in /opt/airflow/dags
[2025-04-15T05:20:29.005+0000] {manager.py:762} INFO - There are 0 files in /opt/airflow/dags
[2025-04-15T05:35:58.596+0000] {manager.py:759} INFO - Searching for files in /opt/airflow/dags
[2025-04-15T05:35:58.603+0000] {manager.py:762} INFO - There are 0 files in /opt/airflow/dags
[2025-04-15T05:46:20.095+0000] {manager.py:759} INFO - Searching for files in /opt/airflow/dags
[2025-04-15T05:46:20.122+0000] {manager.py:762} INFO - There are 0 files in /opt/airflow/dags
[2025-04-15T05:54:47.706+0000] {manager.py:759} INFO - Searching for files in /opt/airflow/dags
[2025-04-15T05:54:47.712+0000] {manager.py:762} INFO - There are 0 files in /opt/airflow/dags
[2025-04-16T08:34:22.662+0000] {manager.py:487} INFO - Processing files using up to 2 processes at a time 
[2025-04-16T08:34:22.667+0000] {manager.py:488} INFO - Process each file at most once every 30 seconds
[2025-04-16T08:34:22.669+0000] {manager.py:489} INFO - Checking for new files in /opt/airflow/dags every 300 seconds
[2025-04-16T08:34:22.670+0000] {manager.py:759} INFO - Searching for files in /opt/airflow/dags
[2025-04-16T08:34:22.676+0000] {manager.py:762} INFO - There are 0 files in /opt/airflow/dags
[2025-04-16T08:39:23.548+0000] {manager.py:759} INFO - Searching for files in /opt/airflow/dags
[2025-04-16T08:39:23.551+0000] {manager.py:762} INFO - There are 0 files in /opt/airflow/dags
[2025-04-16T08:44:23.626+0000] {manager.py:759} INFO - Searching for files in /opt/airflow/dags
[2025-04-16T08:44:23.632+0000] {manager.py:762} INFO - There are 0 files in /opt/airflow/dags
[2025-04-16T08:49:24.280+0000] {manager.py:759} INFO - Searching for files in /opt/airflow/dags
[2025-04-16T08:49:24.286+0000] {manager.py:762} INFO - There are 0 files in /opt/airflow/dags
[2025-04-16T08:54:25.115+0000] {manager.py:759} INFO - Searching for files in /opt/airflow/dags
[2025-04-16T08:54:25.121+0000] {manager.py:762} INFO - There are 0 files in /opt/airflow/dags
[2025-04-16T08:59:25.792+0000] {manager.py:759} INFO - Searching for files in /opt/airflow/dags
[2025-04-16T08:59:25.796+0000] {manager.py:762} INFO - There are 0 files in /opt/airflow/dags
[2025-04-16T09:04:26.378+0000] {manager.py:759} INFO - Searching for files in /opt/airflow/dags
[2025-04-16T09:04:26.384+0000] {manager.py:762} INFO - There are 0 files in /opt/airflow/dags
[2025-04-16T09:09:27.153+0000] {manager.py:759} INFO - Searching for files in /opt/airflow/dags
[2025-04-16T09:09:27.158+0000] {manager.py:762} INFO - There are 0 files in /opt/airflow/dags
[2025-04-16T09:14:28.435+0000] {manager.py:759} INFO - Searching for files in /opt/airflow/dags
[2025-04-16T09:14:28.445+0000] {manager.py:762} INFO - There are 0 files in /opt/airflow/dags
[2025-04-16T09:19:29.376+0000] {manager.py:759} INFO - Searching for files in /opt/airflow/dags
[2025-04-16T09:19:29.386+0000] {manager.py:762} INFO - There are 0 files in /opt/airflow/dags
[2025-04-16T09:24:30.264+0000] {manager.py:759} INFO - Searching for files in /opt/airflow/dags
[2025-04-16T09:24:30.268+0000] {manager.py:762} INFO - There are 0 files in /opt/airflow/dags
[2025-04-16T09:29:31.014+0000] {manager.py:759} INFO - Searching for files in /opt/airflow/dags
[2025-04-16T09:29:31.018+0000] {manager.py:762} INFO - There are 0 files in /opt/airflow/dags
[2025-04-16T09:53:06.864+0000] {manager.py:759} INFO - Searching for files in /opt/airflow/dags
[2025-04-16T09:53:06.884+0000] {manager.py:762} INFO - There are 0 files in /opt/airflow/dags
[2025-04-16T09:58:07.770+0000] {manager.py:759} INFO - Searching for files in /opt/airflow/dags
[2025-04-16T09:58:07.777+0000] {manager.py:762} INFO - There are 0 files in /opt/airflow/dags
[2025-04-16T10:03:08.470+0000] {manager.py:759} INFO - Searching for files in /opt/airflow/dags
[2025-04-16T10:03:08.477+0000] {manager.py:762} INFO - There are 0 files in /opt/airflow/dags
[2025-04-16T10:08:08.563+0000] {manager.py:759} INFO - Searching for files in /opt/airflow/dags
[2025-04-16T10:08:08.572+0000] {manager.py:762} INFO - There are 0 files in /opt/airflow/dags
[2025-04-16T10:13:09.005+0000] {manager.py:759} INFO - Searching for files in /opt/airflow/dags
[2025-04-16T10:13:09.012+0000] {manager.py:762} INFO - There are 0 files in /opt/airflow/dags
[2025-04-16T10:18:09.822+0000] {manager.py:759} INFO - Searching for files in /opt/airflow/dags
[2025-04-16T10:18:09.831+0000] {manager.py:762} INFO - There are 0 files in /opt/airflow/dags
[2025-04-16T10:23:10.745+0000] {manager.py:759} INFO - Searching for files in /opt/airflow/dags
[2025-04-16T10:23:10.748+0000] {manager.py:762} INFO - There are 0 files in /opt/airflow/dags
[2025-04-16T10:28:11.607+0000] {manager.py:759} INFO - Searching for files in /opt/airflow/dags
[2025-04-16T10:28:11.613+0000] {manager.py:762} INFO - There are 0 files in /opt/airflow/dags
[2025-04-16T10:33:12.518+0000] {manager.py:759} INFO - Searching for files in /opt/airflow/dags
[2025-04-16T10:33:12.527+0000] {manager.py:762} INFO - There are 0 files in /opt/airflow/dags
[2025-04-16T10:38:13.144+0000] {manager.py:759} INFO - Searching for files in /opt/airflow/dags
[2025-04-16T10:38:13.152+0000] {manager.py:762} INFO - There are 0 files in /opt/airflow/dags
[2025-04-16T10:43:13.151+0000] {manager.py:759} INFO - Searching for files in /opt/airflow/dags
[2025-04-16T10:43:13.159+0000] {manager.py:762} INFO - There are 0 files in /opt/airflow/dags
[2025-04-16T10:48:13.173+0000] {manager.py:759} INFO - Searching for files in /opt/airflow/dags
[2025-04-16T10:48:13.179+0000] {manager.py:762} INFO - There are 0 files in /opt/airflow/dags
[2025-04-16T10:53:13.176+0000] {manager.py:759} INFO - Searching for files in /opt/airflow/dags
[2025-04-16T10:53:13.180+0000] {manager.py:762} INFO - There are 0 files in /opt/airflow/dags
[2025-04-16T10:58:13.182+0000] {manager.py:759} INFO - Searching for files in /opt/airflow/dags
[2025-04-16T10:58:13.191+0000] {manager.py:762} INFO - There are 0 files in /opt/airflow/dags
[2025-04-16T11:03:14.053+0000] {manager.py:759} INFO - Searching for files in /opt/airflow/dags
[2025-04-16T11:03:14.058+0000] {manager.py:762} INFO - There are 0 files in /opt/airflow/dags
[2025-04-16T11:08:14.572+0000] {manager.py:759} INFO - Searching for files in /opt/airflow/dags
[2025-04-16T11:08:14.578+0000] {manager.py:762} INFO - There are 0 files in /opt/airflow/dags
[2025-04-16T11:13:15.349+0000] {manager.py:759} INFO - Searching for files in /opt/airflow/dags
[2025-04-16T11:13:15.355+0000] {manager.py:762} INFO - There are 0 files in /opt/airflow/dags
[2025-04-16T11:18:16.171+0000] {manager.py:759} INFO - Searching for files in /opt/airflow/dags
[2025-04-16T11:18:16.175+0000] {manager.py:762} INFO - There are 0 files in /opt/airflow/dags
[2025-04-16T11:23:17.128+0000] {manager.py:759} INFO - Searching for files in /opt/airflow/dags
[2025-04-16T11:23:17.133+0000] {manager.py:762} INFO - There are 0 files in /opt/airflow/dags
[2025-04-16T11:28:18.113+0000] {manager.py:759} INFO - Searching for files in /opt/airflow/dags
[2025-04-16T11:28:18.115+0000] {manager.py:762} INFO - There are 0 files in /opt/airflow/dags
[2025-04-16T11:33:18.830+0000] {manager.py:759} INFO - Searching for files in /opt/airflow/dags
[2025-04-16T11:33:18.838+0000] {manager.py:762} INFO - There are 0 files in /opt/airflow/dags
[2025-04-16T11:38:19.609+0000] {manager.py:759} INFO - Searching for files in /opt/airflow/dags
[2025-04-16T11:38:19.611+0000] {manager.py:762} INFO - There are 0 files in /opt/airflow/dags
[2025-04-16T11:43:20.424+0000] {manager.py:759} INFO - Searching for files in /opt/airflow/dags
[2025-04-16T11:43:20.433+0000] {manager.py:762} INFO - There are 0 files in /opt/airflow/dags
[2025-04-16T11:48:20.962+0000] {manager.py:759} INFO - Searching for files in /opt/airflow/dags
[2025-04-16T11:48:20.964+0000] {manager.py:762} INFO - There are 0 files in /opt/airflow/dags
[2025-04-16T12:18:18.931+0000] {manager.py:759} INFO - Searching for files in /opt/airflow/dags
[2025-04-16T12:18:19.028+0000] {manager.py:762} INFO - There are 0 files in /opt/airflow/dags
[2025-04-16T12:23:19.871+0000] {manager.py:759} INFO - Searching for files in /opt/airflow/dags
[2025-04-16T12:23:19.873+0000] {manager.py:762} INFO - There are 0 files in /opt/airflow/dags
[2025-04-16T12:28:20.289+0000] {manager.py:759} INFO - Searching for files in /opt/airflow/dags
[2025-04-16T12:28:20.294+0000] {manager.py:762} INFO - There are 0 files in /opt/airflow/dags
[2025-04-16T12:33:20.351+0000] {manager.py:759} INFO - Searching for files in /opt/airflow/dags
[2025-04-16T12:33:20.355+0000] {manager.py:762} INFO - There are 0 files in /opt/airflow/dags
[2025-04-16T12:38:20.377+0000] {manager.py:759} INFO - Searching for files in /opt/airflow/dags
[2025-04-16T12:38:20.384+0000] {manager.py:762} INFO - There are 0 files in /opt/airflow/dags
[2025-04-16T12:43:20.529+0000] {manager.py:759} INFO - Searching for files in /opt/airflow/dags
[2025-04-16T12:43:20.534+0000] {manager.py:762} INFO - There are 0 files in /opt/airflow/dags
[2025-04-16T12:48:22.455+0000] {manager.py:759} INFO - Searching for files in /opt/airflow/dags
[2025-04-16T12:48:22.461+0000] {manager.py:762} INFO - There are 0 files in /opt/airflow/dags
[2025-04-16T12:53:22.858+0000] {manager.py:759} INFO - Searching for files in /opt/airflow/dags
[2025-04-16T12:53:22.864+0000] {manager.py:762} INFO - There are 0 files in /opt/airflow/dags
[2025-04-16T12:58:23.769+0000] {manager.py:759} INFO - Searching for files in /opt/airflow/dags
[2025-04-16T12:58:23.774+0000] {manager.py:762} INFO - There are 0 files in /opt/airflow/dags
[2025-04-16T13:00:11.369+0000] {manager.py:469} INFO - Exiting gracefully upon receiving signal 15
[2025-04-16T13:00:58.626+0000] {manager.py:487} INFO - Processing files using up to 2 processes at a time 
[2025-04-16T13:00:58.626+0000] {manager.py:488} INFO - Process each file at most once every 30 seconds
[2025-04-16T13:00:58.627+0000] {manager.py:489} INFO - Checking for new files in /opt/airflow/dags every 300 seconds
[2025-04-16T13:00:58.627+0000] {manager.py:759} INFO - Searching for files in /opt/airflow/dags
[2025-04-16T13:00:58.629+0000] {manager.py:762} INFO - There are 0 files in /opt/airflow/dags
[2025-04-16T13:05:59.174+0000] {manager.py:759} INFO - Searching for files in /opt/airflow/dags
[2025-04-16T13:05:59.177+0000] {manager.py:762} INFO - There are 0 files in /opt/airflow/dags
[2025-04-16T13:10:59.852+0000] {manager.py:759} INFO - Searching for files in /opt/airflow/dags
[2025-04-16T13:10:59.854+0000] {manager.py:762} INFO - There are 0 files in /opt/airflow/dags
[2025-04-16T13:15:34.527+0000] {manager.py:469} INFO - Exiting gracefully upon receiving signal 15
[2025-04-16T13:21:16.622+0000] {manager.py:487} INFO - Processing files using up to 2 processes at a time 
[2025-04-16T13:21:16.625+0000] {manager.py:488} INFO - Process each file at most once every 30 seconds
[2025-04-16T13:21:16.625+0000] {manager.py:489} INFO - Checking for new files in /opt/airflow/dags every 300 seconds
[2025-04-16T13:21:16.626+0000] {manager.py:759} INFO - Searching for files in /opt/airflow/dags
[2025-04-16T13:21:16.630+0000] {manager.py:762} INFO - There are 0 files in /opt/airflow/dags
[2025-04-16T13:26:17.163+0000] {manager.py:759} INFO - Searching for files in /opt/airflow/dags
[2025-04-16T13:26:17.169+0000] {manager.py:762} INFO - There are 0 files in /opt/airflow/dags
[2025-04-16T13:31:17.311+0000] {manager.py:759} INFO - Searching for files in /opt/airflow/dags
[2025-04-16T13:31:17.317+0000] {manager.py:762} INFO - There are 0 files in /opt/airflow/dags
[2025-04-16T13:36:17.827+0000] {manager.py:759} INFO - Searching for files in /opt/airflow/dags
[2025-04-16T13:36:17.830+0000] {manager.py:762} INFO - There are 0 files in /opt/airflow/dags
[2025-04-16T13:41:17.949+0000] {manager.py:759} INFO - Searching for files in /opt/airflow/dags
[2025-04-16T13:41:17.954+0000] {manager.py:762} INFO - There are 0 files in /opt/airflow/dags
[2025-04-16T13:46:18.661+0000] {manager.py:759} INFO - Searching for files in /opt/airflow/dags
[2025-04-16T13:46:18.669+0000] {manager.py:762} INFO - There are 0 files in /opt/airflow/dags
[2025-04-16T13:51:19.599+0000] {manager.py:759} INFO - Searching for files in /opt/airflow/dags
[2025-04-16T13:51:19.604+0000] {manager.py:762} INFO - There are 0 files in /opt/airflow/dags
[2025-04-16T13:56:20.153+0000] {manager.py:759} INFO - Searching for files in /opt/airflow/dags
[2025-04-16T13:56:20.160+0000] {manager.py:762} INFO - There are 0 files in /opt/airflow/dags
[2025-04-16T14:01:20.512+0000] {manager.py:759} INFO - Searching for files in /opt/airflow/dags
[2025-04-16T14:01:20.521+0000] {manager.py:762} INFO - There are 0 files in /opt/airflow/dags
[2025-04-16T15:58:04.152+0000] {manager.py:487} INFO - Processing files using up to 2 processes at a time 
[2025-04-16T15:58:04.154+0000] {manager.py:488} INFO - Process each file at most once every 30 seconds
[2025-04-16T15:58:04.154+0000] {manager.py:489} INFO - Checking for new files in /opt/airflow/dags every 300 seconds
[2025-04-16T15:58:04.155+0000] {manager.py:759} INFO - Searching for files in /opt/airflow/dags
[2025-04-16T15:58:04.157+0000] {manager.py:762} INFO - There are 0 files in /opt/airflow/dags
[2025-04-16T16:03:04.332+0000] {manager.py:759} INFO - Searching for files in /opt/airflow/dags
[2025-04-16T16:03:04.336+0000] {manager.py:762} INFO - There are 0 files in /opt/airflow/dags
[2025-04-16T16:08:04.479+0000] {manager.py:759} INFO - Searching for files in /opt/airflow/dags
[2025-04-16T16:08:04.484+0000] {manager.py:762} INFO - There are 0 files in /opt/airflow/dags
[2025-04-16T16:13:04.615+0000] {manager.py:759} INFO - Searching for files in /opt/airflow/dags
[2025-04-16T16:13:04.642+0000] {manager.py:762} INFO - There are 0 files in /opt/airflow/dags
[2025-04-16T16:18:04.765+0000] {manager.py:759} INFO - Searching for files in /opt/airflow/dags
[2025-04-16T16:18:04.769+0000] {manager.py:762} INFO - There are 0 files in /opt/airflow/dags
[2025-04-16T16:23:04.878+0000] {manager.py:759} INFO - Searching for files in /opt/airflow/dags
[2025-04-16T16:23:04.881+0000] {manager.py:762} INFO - There are 0 files in /opt/airflow/dags
[2025-04-16T16:28:05.029+0000] {manager.py:759} INFO - Searching for files in /opt/airflow/dags
[2025-04-16T16:28:05.034+0000] {manager.py:762} INFO - There are 0 files in /opt/airflow/dags
[2025-04-16T16:33:05.256+0000] {manager.py:759} INFO - Searching for files in /opt/airflow/dags
[2025-04-16T16:33:05.261+0000] {manager.py:762} INFO - There are 0 files in /opt/airflow/dags
[2025-04-16T17:47:37.238+0000] {manager.py:759} INFO - Searching for files in /opt/airflow/dags
[2025-04-16T17:47:37.245+0000] {manager.py:762} INFO - There are 0 files in /opt/airflow/dags
[2025-04-16T18:19:42.134+0000] {manager.py:759} INFO - Searching for files in /opt/airflow/dags
[2025-04-16T18:19:42.137+0000] {manager.py:762} INFO - There are 0 files in /opt/airflow/dags
[2025-04-16T18:30:48.597+0000] {manager.py:759} INFO - Searching for files in /opt/airflow/dags
[2025-04-16T18:30:48.627+0000] {manager.py:762} INFO - There are 0 files in /opt/airflow/dags
[2025-04-16T18:35:48.766+0000] {manager.py:759} INFO - Searching for files in /opt/airflow/dags
[2025-04-16T18:35:48.773+0000] {manager.py:762} INFO - There are 0 files in /opt/airflow/dags
[2025-04-16T18:40:49.585+0000] {manager.py:759} INFO - Searching for files in /opt/airflow/dags
[2025-04-16T18:40:49.595+0000] {manager.py:762} INFO - There are 0 files in /opt/airflow/dags
[2025-04-16T18:45:49.702+0000] {manager.py:759} INFO - Searching for files in /opt/airflow/dags
[2025-04-16T18:45:49.708+0000] {manager.py:762} INFO - There are 0 files in /opt/airflow/dags
[2025-04-16T18:50:50.635+0000] {manager.py:759} INFO - Searching for files in /opt/airflow/dags
[2025-04-16T18:50:50.647+0000] {manager.py:762} INFO - There are 0 files in /opt/airflow/dags
[2025-04-16T18:55:51.303+0000] {manager.py:759} INFO - Searching for files in /opt/airflow/dags
[2025-04-16T18:55:51.309+0000] {manager.py:762} INFO - There are 0 files in /opt/airflow/dags
[2025-04-16T19:00:52.028+0000] {manager.py:759} INFO - Searching for files in /opt/airflow/dags
[2025-04-16T19:00:52.034+0000] {manager.py:762} INFO - There are 0 files in /opt/airflow/dags
[2025-04-16T19:05:52.527+0000] {manager.py:759} INFO - Searching for files in /opt/airflow/dags
[2025-04-16T19:05:52.531+0000] {manager.py:762} INFO - There are 0 files in /opt/airflow/dags
[2025-04-16T19:10:53.338+0000] {manager.py:759} INFO - Searching for files in /opt/airflow/dags
[2025-04-16T19:10:53.342+0000] {manager.py:762} INFO - There are 0 files in /opt/airflow/dags
[2025-04-16T19:15:54.160+0000] {manager.py:759} INFO - Searching for files in /opt/airflow/dags
[2025-04-16T19:15:54.169+0000] {manager.py:762} INFO - There are 0 files in /opt/airflow/dags
[2025-04-16T19:20:54.186+0000] {manager.py:759} INFO - Searching for files in /opt/airflow/dags
[2025-04-16T19:20:54.197+0000] {manager.py:762} INFO - There are 0 files in /opt/airflow/dags
[2025-04-16T19:25:54.985+0000] {manager.py:759} INFO - Searching for files in /opt/airflow/dags
[2025-04-16T19:25:54.991+0000] {manager.py:762} INFO - There are 0 files in /opt/airflow/dags
[2025-04-16T19:30:55.803+0000] {manager.py:759} INFO - Searching for files in /opt/airflow/dags
[2025-04-16T19:30:55.811+0000] {manager.py:762} INFO - There are 0 files in /opt/airflow/dags
[2025-04-16T19:35:56.660+0000] {manager.py:759} INFO - Searching for files in /opt/airflow/dags
[2025-04-16T19:35:56.665+0000] {manager.py:762} INFO - There are 0 files in /opt/airflow/dags
[2025-04-16T19:40:57.141+0000] {manager.py:759} INFO - Searching for files in /opt/airflow/dags
[2025-04-16T19:40:57.147+0000] {manager.py:762} INFO - There are 0 files in /opt/airflow/dags
[2025-04-16T19:45:57.539+0000] {manager.py:759} INFO - Searching for files in /opt/airflow/dags
[2025-04-16T19:45:57.543+0000] {manager.py:762} INFO - There are 0 files in /opt/airflow/dags
[2025-04-16T19:50:57.824+0000] {manager.py:759} INFO - Searching for files in /opt/airflow/dags
[2025-04-16T19:50:57.832+0000] {manager.py:762} INFO - There are 0 files in /opt/airflow/dags
[2025-04-16T19:55:58.030+0000] {manager.py:759} INFO - Searching for files in /opt/airflow/dags
[2025-04-16T19:55:58.035+0000] {manager.py:762} INFO - There are 0 files in /opt/airflow/dags
[2025-04-16T20:00:58.179+0000] {manager.py:759} INFO - Searching for files in /opt/airflow/dags
[2025-04-16T20:00:58.185+0000] {manager.py:762} INFO - There are 0 files in /opt/airflow/dags
[2025-04-16T20:05:58.196+0000] {manager.py:759} INFO - Searching for files in /opt/airflow/dags
[2025-04-16T20:05:58.198+0000] {manager.py:762} INFO - There are 0 files in /opt/airflow/dags
[2025-04-16T20:10:58.248+0000] {manager.py:759} INFO - Searching for files in /opt/airflow/dags
[2025-04-16T20:10:58.252+0000] {manager.py:762} INFO - There are 0 files in /opt/airflow/dags
[2025-04-16T20:15:58.298+0000] {manager.py:759} INFO - Searching for files in /opt/airflow/dags
[2025-04-16T20:15:58.307+0000] {manager.py:762} INFO - There are 0 files in /opt/airflow/dags
[2025-04-16T20:20:58.410+0000] {manager.py:759} INFO - Searching for files in /opt/airflow/dags
[2025-04-16T20:20:58.414+0000] {manager.py:762} INFO - There are 0 files in /opt/airflow/dags
[2025-04-16T20:25:59.295+0000] {manager.py:759} INFO - Searching for files in /opt/airflow/dags
[2025-04-16T20:25:59.303+0000] {manager.py:762} INFO - There are 0 files in /opt/airflow/dags
[2025-04-16T20:30:59.394+0000] {manager.py:759} INFO - Searching for files in /opt/airflow/dags
[2025-04-16T20:30:59.401+0000] {manager.py:762} INFO - There are 0 files in /opt/airflow/dags
[2025-04-16T20:35:59.511+0000] {manager.py:759} INFO - Searching for files in /opt/airflow/dags
[2025-04-16T20:35:59.521+0000] {manager.py:762} INFO - There are 0 files in /opt/airflow/dags
[2025-04-16T20:40:59.645+0000] {manager.py:759} INFO - Searching for files in /opt/airflow/dags
[2025-04-16T20:40:59.649+0000] {manager.py:762} INFO - There are 0 files in /opt/airflow/dags
[2025-04-16T20:46:00.599+0000] {manager.py:759} INFO - Searching for files in /opt/airflow/dags
[2025-04-16T20:46:00.604+0000] {manager.py:762} INFO - There are 0 files in /opt/airflow/dags
[2025-04-16T20:51:00.747+0000] {manager.py:759} INFO - Searching for files in /opt/airflow/dags
[2025-04-16T20:51:00.753+0000] {manager.py:762} INFO - There are 0 files in /opt/airflow/dags
[2025-04-16T20:56:00.838+0000] {manager.py:759} INFO - Searching for files in /opt/airflow/dags
[2025-04-16T20:56:00.843+0000] {manager.py:762} INFO - There are 0 files in /opt/airflow/dags
[2025-04-16T21:01:00.982+0000] {manager.py:759} INFO - Searching for files in /opt/airflow/dags
[2025-04-16T21:01:00.989+0000] {manager.py:762} INFO - There are 0 files in /opt/airflow/dags
[2025-04-16T21:06:01.120+0000] {manager.py:759} INFO - Searching for files in /opt/airflow/dags
[2025-04-16T21:06:01.126+0000] {manager.py:762} INFO - There are 0 files in /opt/airflow/dags
[2025-04-16T21:11:01.301+0000] {manager.py:759} INFO - Searching for files in /opt/airflow/dags
[2025-04-16T21:11:01.305+0000] {manager.py:762} INFO - There are 0 files in /opt/airflow/dags
[2025-04-16T21:16:01.326+0000] {manager.py:759} INFO - Searching for files in /opt/airflow/dags
[2025-04-16T21:16:01.336+0000] {manager.py:762} INFO - There are 0 files in /opt/airflow/dags
[2025-04-16T21:21:01.374+0000] {manager.py:759} INFO - Searching for files in /opt/airflow/dags
[2025-04-16T21:21:01.381+0000] {manager.py:762} INFO - There are 0 files in /opt/airflow/dags
[2025-04-16T21:26:01.450+0000] {manager.py:759} INFO - Searching for files in /opt/airflow/dags
[2025-04-16T21:26:01.458+0000] {manager.py:762} INFO - There are 0 files in /opt/airflow/dags
[2025-04-16T21:31:01.729+0000] {manager.py:759} INFO - Searching for files in /opt/airflow/dags
[2025-04-16T21:31:01.733+0000] {manager.py:762} INFO - There are 0 files in /opt/airflow/dags
[2025-04-16T21:36:01.807+0000] {manager.py:759} INFO - Searching for files in /opt/airflow/dags
[2025-04-16T21:36:01.815+0000] {manager.py:762} INFO - There are 0 files in /opt/airflow/dags
[2025-04-16T21:41:01.811+0000] {manager.py:759} INFO - Searching for files in /opt/airflow/dags
[2025-04-16T21:41:01.819+0000] {manager.py:762} INFO - There are 0 files in /opt/airflow/dags
[2025-04-16T21:46:02.547+0000] {manager.py:759} INFO - Searching for files in /opt/airflow/dags
[2025-04-16T21:46:02.552+0000] {manager.py:762} INFO - There are 0 files in /opt/airflow/dags
[2025-04-16T21:51:03.407+0000] {manager.py:759} INFO - Searching for files in /opt/airflow/dags
[2025-04-16T21:51:03.416+0000] {manager.py:762} INFO - There are 0 files in /opt/airflow/dags
[2025-04-16T21:56:03.444+0000] {manager.py:759} INFO - Searching for files in /opt/airflow/dags
[2025-04-16T21:56:03.452+0000] {manager.py:762} INFO - There are 0 files in /opt/airflow/dags
[2025-04-16T22:01:03.537+0000] {manager.py:759} INFO - Searching for files in /opt/airflow/dags
[2025-04-16T22:01:03.546+0000] {manager.py:762} INFO - There are 0 files in /opt/airflow/dags
[2025-04-16T22:06:03.541+0000] {manager.py:759} INFO - Searching for files in /opt/airflow/dags
[2025-04-16T22:06:03.545+0000] {manager.py:762} INFO - There are 0 files in /opt/airflow/dags
[2025-04-16T22:59:52.001+0000] {manager.py:759} INFO - Searching for files in /opt/airflow/dags
[2025-04-16T22:59:52.010+0000] {manager.py:762} INFO - There are 0 files in /opt/airflow/dags
[2025-04-16T23:04:52.910+0000] {manager.py:759} INFO - Searching for files in /opt/airflow/dags
[2025-04-16T23:04:52.928+0000] {manager.py:762} INFO - There are 0 files in /opt/airflow/dags
[2025-04-16T23:09:53.272+0000] {manager.py:759} INFO - Searching for files in /opt/airflow/dags
[2025-04-16T23:09:53.283+0000] {manager.py:762} INFO - There are 0 files in /opt/airflow/dags
[2025-04-16T23:14:54.254+0000] {manager.py:759} INFO - Searching for files in /opt/airflow/dags
[2025-04-16T23:14:54.257+0000] {manager.py:762} INFO - There are 0 files in /opt/airflow/dags
[2025-04-16T23:19:54.377+0000] {manager.py:759} INFO - Searching for files in /opt/airflow/dags
[2025-04-16T23:19:54.381+0000] {manager.py:762} INFO - There are 0 files in /opt/airflow/dags
[2025-04-16T23:24:54.980+0000] {manager.py:759} INFO - Searching for files in /opt/airflow/dags
[2025-04-16T23:24:54.985+0000] {manager.py:762} INFO - There are 0 files in /opt/airflow/dags
[2025-04-16T23:29:55.801+0000] {manager.py:759} INFO - Searching for files in /opt/airflow/dags
[2025-04-16T23:29:55.813+0000] {manager.py:762} INFO - There are 0 files in /opt/airflow/dags
[2025-04-16T23:34:55.943+0000] {manager.py:759} INFO - Searching for files in /opt/airflow/dags
[2025-04-16T23:34:55.948+0000] {manager.py:762} INFO - There are 0 files in /opt/airflow/dags
[2025-04-16T23:39:56.818+0000] {manager.py:759} INFO - Searching for files in /opt/airflow/dags
[2025-04-16T23:39:56.829+0000] {manager.py:762} INFO - There are 0 files in /opt/airflow/dags
[2025-04-16T23:44:57.664+0000] {manager.py:759} INFO - Searching for files in /opt/airflow/dags
[2025-04-16T23:44:57.680+0000] {manager.py:762} INFO - There are 0 files in /opt/airflow/dags
[2025-04-16T23:49:57.867+0000] {manager.py:759} INFO - Searching for files in /opt/airflow/dags
[2025-04-16T23:49:57.878+0000] {manager.py:762} INFO - There are 0 files in /opt/airflow/dags
[2025-04-16T23:54:57.924+0000] {manager.py:759} INFO - Searching for files in /opt/airflow/dags
[2025-04-16T23:54:57.929+0000] {manager.py:762} INFO - There are 0 files in /opt/airflow/dags
[2025-04-16T23:59:58.803+0000] {manager.py:759} INFO - Searching for files in /opt/airflow/dags
[2025-04-16T23:59:58.809+0000] {manager.py:762} INFO - There are 0 files in /opt/airflow/dags
[2025-04-17T00:04:59.138+0000] {manager.py:759} INFO - Searching for files in /opt/airflow/dags
[2025-04-17T00:04:59.141+0000] {manager.py:762} INFO - There are 0 files in /opt/airflow/dags
[2025-04-17T00:10:00.030+0000] {manager.py:759} INFO - Searching for files in /opt/airflow/dags
[2025-04-17T00:10:00.041+0000] {manager.py:762} INFO - There are 0 files in /opt/airflow/dags
[2025-04-17T00:15:00.834+0000] {manager.py:759} INFO - Searching for files in /opt/airflow/dags
[2025-04-17T00:15:00.840+0000] {manager.py:762} INFO - There are 0 files in /opt/airflow/dags
[2025-04-17T00:20:01.473+0000] {manager.py:759} INFO - Searching for files in /opt/airflow/dags
[2025-04-17T00:20:01.482+0000] {manager.py:762} INFO - There are 0 files in /opt/airflow/dags
[2025-04-17T00:25:02.177+0000] {manager.py:759} INFO - Searching for files in /opt/airflow/dags
[2025-04-17T00:25:02.186+0000] {manager.py:762} INFO - There are 0 files in /opt/airflow/dags
[2025-04-17T00:30:02.599+0000] {manager.py:759} INFO - Searching for files in /opt/airflow/dags
[2025-04-17T00:30:02.604+0000] {manager.py:762} INFO - There are 0 files in /opt/airflow/dags
[2025-04-17T00:35:03.300+0000] {manager.py:759} INFO - Searching for files in /opt/airflow/dags
[2025-04-17T00:35:03.308+0000] {manager.py:762} INFO - There are 0 files in /opt/airflow/dags
[2025-04-17T00:40:04.076+0000] {manager.py:759} INFO - Searching for files in /opt/airflow/dags
[2025-04-17T00:40:04.082+0000] {manager.py:762} INFO - There are 0 files in /opt/airflow/dags
[2025-04-17T00:45:04.856+0000] {manager.py:759} INFO - Searching for files in /opt/airflow/dags
[2025-04-17T00:45:04.860+0000] {manager.py:762} INFO - There are 0 files in /opt/airflow/dags
[2025-04-17T00:50:05.664+0000] {manager.py:759} INFO - Searching for files in /opt/airflow/dags
[2025-04-17T00:50:05.673+0000] {manager.py:762} INFO - There are 0 files in /opt/airflow/dags
[2025-04-17T00:55:06.259+0000] {manager.py:759} INFO - Searching for files in /opt/airflow/dags
[2025-04-17T00:55:06.266+0000] {manager.py:762} INFO - There are 0 files in /opt/airflow/dags
[2025-04-17T01:00:06.779+0000] {manager.py:759} INFO - Searching for files in /opt/airflow/dags
[2025-04-17T01:00:06.789+0000] {manager.py:762} INFO - There are 0 files in /opt/airflow/dags
[2025-04-17T01:05:07.365+0000] {manager.py:759} INFO - Searching for files in /opt/airflow/dags
[2025-04-17T01:05:07.370+0000] {manager.py:762} INFO - There are 0 files in /opt/airflow/dags
[2025-04-17T01:10:07.873+0000] {manager.py:759} INFO - Searching for files in /opt/airflow/dags
[2025-04-17T01:10:07.880+0000] {manager.py:762} INFO - There are 0 files in /opt/airflow/dags
[2025-04-17T05:10:27.790+0000] {manager.py:759} INFO - Searching for files in /opt/airflow/dags
[2025-04-17T05:10:27.807+0000] {manager.py:762} INFO - There are 0 files in /opt/airflow/dags
[2025-04-17T08:02:34.982+0000] {manager.py:759} INFO - Searching for files in /opt/airflow/dags
[2025-04-17T08:02:34.986+0000] {manager.py:762} INFO - There are 0 files in /opt/airflow/dags
[2025-04-17T08:07:35.682+0000] {manager.py:759} INFO - Searching for files in /opt/airflow/dags
[2025-04-17T08:07:35.688+0000] {manager.py:762} INFO - There are 0 files in /opt/airflow/dags
[2025-04-17T08:12:36.065+0000] {manager.py:759} INFO - Searching for files in /opt/airflow/dags
[2025-04-17T08:12:36.073+0000] {manager.py:762} INFO - There are 0 files in /opt/airflow/dags
[2025-04-17T08:17:36.894+0000] {manager.py:759} INFO - Searching for files in /opt/airflow/dags
[2025-04-17T08:17:36.898+0000] {manager.py:762} INFO - There are 0 files in /opt/airflow/dags
[2025-04-17T08:22:37.874+0000] {manager.py:759} INFO - Searching for files in /opt/airflow/dags
[2025-04-17T08:22:37.877+0000] {manager.py:762} INFO - There are 0 files in /opt/airflow/dags
[2025-04-17T08:27:38.199+0000] {manager.py:759} INFO - Searching for files in /opt/airflow/dags
[2025-04-17T08:27:38.208+0000] {manager.py:762} INFO - There are 0 files in /opt/airflow/dags
[2025-04-17T08:32:38.707+0000] {manager.py:759} INFO - Searching for files in /opt/airflow/dags
[2025-04-17T08:32:38.711+0000] {manager.py:762} INFO - There are 0 files in /opt/airflow/dags
[2025-04-17T08:37:39.147+0000] {manager.py:759} INFO - Searching for files in /opt/airflow/dags
[2025-04-17T08:37:39.153+0000] {manager.py:762} INFO - There are 0 files in /opt/airflow/dags
[2025-04-17T08:42:39.400+0000] {manager.py:759} INFO - Searching for files in /opt/airflow/dags
[2025-04-17T08:42:39.407+0000] {manager.py:762} INFO - There are 0 files in /opt/airflow/dags
[2025-04-17T08:47:39.650+0000] {manager.py:759} INFO - Searching for files in /opt/airflow/dags
[2025-04-17T08:47:39.656+0000] {manager.py:762} INFO - There are 0 files in /opt/airflow/dags
[2025-04-17T08:52:39.960+0000] {manager.py:759} INFO - Searching for files in /opt/airflow/dags
[2025-04-17T08:52:39.967+0000] {manager.py:762} INFO - There are 0 files in /opt/airflow/dags
[2025-04-17T08:57:40.387+0000] {manager.py:759} INFO - Searching for files in /opt/airflow/dags
[2025-04-17T08:57:40.394+0000] {manager.py:762} INFO - There are 0 files in /opt/airflow/dags
[2025-04-17T09:05:42.763+0000] {manager.py:759} INFO - Searching for files in /opt/airflow/dags
[2025-04-17T09:05:42.767+0000] {manager.py:762} INFO - There are 0 files in /opt/airflow/dags
[2025-04-17T09:10:43.002+0000] {manager.py:759} INFO - Searching for files in /opt/airflow/dags
[2025-04-17T09:10:43.010+0000] {manager.py:762} INFO - There are 0 files in /opt/airflow/dags
[2025-04-17T09:15:43.119+0000] {manager.py:759} INFO - Searching for files in /opt/airflow/dags
[2025-04-17T09:15:43.131+0000] {manager.py:762} INFO - There are 0 files in /opt/airflow/dags
[2025-04-17T09:20:43.284+0000] {manager.py:759} INFO - Searching for files in /opt/airflow/dags
[2025-04-17T09:20:43.294+0000] {manager.py:762} INFO - There are 0 files in /opt/airflow/dags
[2025-04-17T09:25:43.391+0000] {manager.py:759} INFO - Searching for files in /opt/airflow/dags
[2025-04-17T09:25:43.400+0000] {manager.py:762} INFO - There are 0 files in /opt/airflow/dags
[2025-04-17T09:30:43.532+0000] {manager.py:759} INFO - Searching for files in /opt/airflow/dags
[2025-04-17T09:30:43.537+0000] {manager.py:762} INFO - There are 0 files in /opt/airflow/dags
[2025-04-17T09:47:27.543+0000] {manager.py:759} INFO - Searching for files in /opt/airflow/dags
[2025-04-17T09:47:27.547+0000] {manager.py:762} INFO - There are 0 files in /opt/airflow/dags
[2025-04-17T09:52:28.225+0000] {manager.py:759} INFO - Searching for files in /opt/airflow/dags
[2025-04-17T09:52:28.234+0000] {manager.py:762} INFO - There are 0 files in /opt/airflow/dags
[2025-04-17T09:57:28.452+0000] {manager.py:759} INFO - Searching for files in /opt/airflow/dags
[2025-04-17T09:57:28.462+0000] {manager.py:762} INFO - There are 0 files in /opt/airflow/dags
[2025-04-17T10:02:29.424+0000] {manager.py:759} INFO - Searching for files in /opt/airflow/dags
[2025-04-17T10:02:29.429+0000] {manager.py:762} INFO - There are 0 files in /opt/airflow/dags
[2025-04-17T10:07:30.303+0000] {manager.py:759} INFO - Searching for files in /opt/airflow/dags
[2025-04-17T10:07:30.313+0000] {manager.py:762} INFO - There are 0 files in /opt/airflow/dags
[2025-04-17T10:12:30.765+0000] {manager.py:759} INFO - Searching for files in /opt/airflow/dags
[2025-04-17T10:12:30.779+0000] {manager.py:762} INFO - There are 0 files in /opt/airflow/dags
[2025-04-17T10:17:31.034+0000] {manager.py:759} INFO - Searching for files in /opt/airflow/dags
[2025-04-17T10:17:31.047+0000] {manager.py:762} INFO - There are 0 files in /opt/airflow/dags
[2025-04-17T10:22:31.128+0000] {manager.py:759} INFO - Searching for files in /opt/airflow/dags
[2025-04-17T10:22:31.132+0000] {manager.py:762} INFO - There are 0 files in /opt/airflow/dags
[2025-04-17T10:27:31.367+0000] {manager.py:759} INFO - Searching for files in /opt/airflow/dags
[2025-04-17T10:27:31.376+0000] {manager.py:762} INFO - There are 0 files in /opt/airflow/dags
[2025-04-17T10:32:31.797+0000] {manager.py:759} INFO - Searching for files in /opt/airflow/dags
[2025-04-17T10:32:31.809+0000] {manager.py:762} INFO - There are 0 files in /opt/airflow/dags
[2025-04-17T10:37:32.445+0000] {manager.py:759} INFO - Searching for files in /opt/airflow/dags
[2025-04-17T10:37:32.451+0000] {manager.py:762} INFO - There are 0 files in /opt/airflow/dags
[2025-04-17T10:42:32.870+0000] {manager.py:759} INFO - Searching for files in /opt/airflow/dags
[2025-04-17T10:42:32.879+0000] {manager.py:762} INFO - There are 0 files in /opt/airflow/dags
[2025-04-17T10:47:33.274+0000] {manager.py:759} INFO - Searching for files in /opt/airflow/dags
[2025-04-17T10:47:33.279+0000] {manager.py:762} INFO - There are 0 files in /opt/airflow/dags
[2025-04-17T10:52:33.692+0000] {manager.py:759} INFO - Searching for files in /opt/airflow/dags
[2025-04-17T10:52:33.696+0000] {manager.py:762} INFO - There are 0 files in /opt/airflow/dags
[2025-04-17T10:57:34.081+0000] {manager.py:759} INFO - Searching for files in /opt/airflow/dags
[2025-04-17T10:57:34.089+0000] {manager.py:762} INFO - There are 0 files in /opt/airflow/dags
[2025-04-17T11:02:34.237+0000] {manager.py:759} INFO - Searching for files in /opt/airflow/dags
[2025-04-17T11:02:34.245+0000] {manager.py:762} INFO - There are 0 files in /opt/airflow/dags
[2025-04-17T11:07:35.165+0000] {manager.py:759} INFO - Searching for files in /opt/airflow/dags
[2025-04-17T11:07:35.171+0000] {manager.py:762} INFO - There are 0 files in /opt/airflow/dags
[2025-04-17T11:12:35.991+0000] {manager.py:759} INFO - Searching for files in /opt/airflow/dags
[2025-04-17T11:12:35.996+0000] {manager.py:762} INFO - There are 0 files in /opt/airflow/dags
[2025-04-17T11:17:36.843+0000] {manager.py:759} INFO - Searching for files in /opt/airflow/dags
[2025-04-17T11:17:36.851+0000] {manager.py:762} INFO - There are 0 files in /opt/airflow/dags
[2025-04-17T12:53:38.871+0000] {manager.py:759} INFO - Searching for files in /opt/airflow/dags
[2025-04-17T12:53:38.915+0000] {manager.py:762} INFO - There are 0 files in /opt/airflow/dags
[2025-04-17T13:02:34.949+0000] {manager.py:759} INFO - Searching for files in /opt/airflow/dags
[2025-04-17T13:02:35.015+0000] {manager.py:762} INFO - There are 0 files in /opt/airflow/dags
[2025-04-17T13:07:35.208+0000] {manager.py:759} INFO - Searching for files in /opt/airflow/dags
[2025-04-17T13:07:35.214+0000] {manager.py:762} INFO - There are 0 files in /opt/airflow/dags
[2025-04-17T13:12:35.867+0000] {manager.py:759} INFO - Searching for files in /opt/airflow/dags
[2025-04-17T13:12:35.874+0000] {manager.py:762} INFO - There are 0 files in /opt/airflow/dags
[2025-04-17T13:17:36.415+0000] {manager.py:759} INFO - Searching for files in /opt/airflow/dags
[2025-04-17T13:17:36.422+0000] {manager.py:762} INFO - There are 0 files in /opt/airflow/dags
[2025-04-17T13:22:36.740+0000] {manager.py:759} INFO - Searching for files in /opt/airflow/dags
[2025-04-17T13:22:36.747+0000] {manager.py:762} INFO - There are 0 files in /opt/airflow/dags
[2025-04-17T13:27:37.018+0000] {manager.py:759} INFO - Searching for files in /opt/airflow/dags
[2025-04-17T13:27:37.026+0000] {manager.py:762} INFO - There are 0 files in /opt/airflow/dags
[2025-04-17T13:32:37.494+0000] {manager.py:759} INFO - Searching for files in /opt/airflow/dags
[2025-04-17T13:32:37.498+0000] {manager.py:762} INFO - There are 0 files in /opt/airflow/dags
[2025-04-17T13:37:37.773+0000] {manager.py:759} INFO - Searching for files in /opt/airflow/dags
[2025-04-17T13:37:37.782+0000] {manager.py:762} INFO - There are 0 files in /opt/airflow/dags
[2025-04-17T13:42:38.064+0000] {manager.py:759} INFO - Searching for files in /opt/airflow/dags
[2025-04-17T13:42:38.067+0000] {manager.py:762} INFO - There are 0 files in /opt/airflow/dags
[2025-04-17T13:47:38.240+0000] {manager.py:759} INFO - Searching for files in /opt/airflow/dags
[2025-04-17T13:47:38.245+0000] {manager.py:762} INFO - There are 0 files in /opt/airflow/dags
[2025-04-17T13:52:38.425+0000] {manager.py:759} INFO - Searching for files in /opt/airflow/dags
[2025-04-17T13:52:38.432+0000] {manager.py:762} INFO - There are 0 files in /opt/airflow/dags
[2025-04-17T13:57:38.831+0000] {manager.py:759} INFO - Searching for files in /opt/airflow/dags
[2025-04-17T13:57:38.836+0000] {manager.py:762} INFO - There are 0 files in /opt/airflow/dags
[2025-04-17T14:02:39.187+0000] {manager.py:759} INFO - Searching for files in /opt/airflow/dags
[2025-04-17T14:02:39.192+0000] {manager.py:762} INFO - There are 0 files in /opt/airflow/dags
[2025-04-17T14:07:39.427+0000] {manager.py:759} INFO - Searching for files in /opt/airflow/dags
[2025-04-17T14:07:39.434+0000] {manager.py:762} INFO - There are 0 files in /opt/airflow/dags
[2025-04-17T14:12:39.694+0000] {manager.py:759} INFO - Searching for files in /opt/airflow/dags
[2025-04-17T14:12:39.701+0000] {manager.py:762} INFO - There are 0 files in /opt/airflow/dags
[2025-04-17T14:17:39.888+0000] {manager.py:759} INFO - Searching for files in /opt/airflow/dags
[2025-04-17T14:17:39.897+0000] {manager.py:762} INFO - There are 0 files in /opt/airflow/dags
[2025-04-17T14:22:39.895+0000] {manager.py:759} INFO - Searching for files in /opt/airflow/dags
[2025-04-17T14:22:39.901+0000] {manager.py:762} INFO - There are 0 files in /opt/airflow/dags
[2025-04-17T14:27:40.884+0000] {manager.py:759} INFO - Searching for files in /opt/airflow/dags
[2025-04-17T14:27:40.888+0000] {manager.py:762} INFO - There are 0 files in /opt/airflow/dags
[2025-04-17T14:32:41.856+0000] {manager.py:759} INFO - Searching for files in /opt/airflow/dags
[2025-04-17T14:32:41.859+0000] {manager.py:762} INFO - There are 0 files in /opt/airflow/dags
[2025-04-17T14:37:42.802+0000] {manager.py:759} INFO - Searching for files in /opt/airflow/dags
[2025-04-17T14:37:42.808+0000] {manager.py:762} INFO - There are 0 files in /opt/airflow/dags
[2025-04-17T14:42:43.685+0000] {manager.py:759} INFO - Searching for files in /opt/airflow/dags
[2025-04-17T14:42:43.690+0000] {manager.py:762} INFO - There are 0 files in /opt/airflow/dags
[2025-04-17T14:47:43.702+0000] {manager.py:759} INFO - Searching for files in /opt/airflow/dags
[2025-04-17T14:47:43.708+0000] {manager.py:762} INFO - There are 0 files in /opt/airflow/dags
[2025-04-17T14:52:44.469+0000] {manager.py:759} INFO - Searching for files in /opt/airflow/dags
[2025-04-17T14:52:44.472+0000] {manager.py:762} INFO - There are 0 files in /opt/airflow/dags
[2025-04-17T15:05:22.021+0000] {manager.py:759} INFO - Searching for files in /opt/airflow/dags
[2025-04-17T15:05:22.031+0000] {manager.py:762} INFO - There are 0 files in /opt/airflow/dags
[2025-04-17T15:10:22.124+0000] {manager.py:759} INFO - Searching for files in /opt/airflow/dags
[2025-04-17T15:10:22.127+0000] {manager.py:762} INFO - There are 0 files in /opt/airflow/dags
[2025-04-17T15:15:23.052+0000] {manager.py:759} INFO - Searching for files in /opt/airflow/dags
[2025-04-17T15:15:23.062+0000] {manager.py:762} INFO - There are 0 files in /opt/airflow/dags
[2025-04-17T15:20:24.056+0000] {manager.py:759} INFO - Searching for files in /opt/airflow/dags
[2025-04-17T15:20:24.064+0000] {manager.py:762} INFO - There are 0 files in /opt/airflow/dags
[2025-04-17T15:25:24.916+0000] {manager.py:759} INFO - Searching for files in /opt/airflow/dags
[2025-04-17T15:25:24.922+0000] {manager.py:762} INFO - There are 0 files in /opt/airflow/dags
[2025-04-17T15:30:25.272+0000] {manager.py:759} INFO - Searching for files in /opt/airflow/dags
[2025-04-17T15:30:25.278+0000] {manager.py:762} INFO - There are 0 files in /opt/airflow/dags
[2025-04-17T15:35:26.092+0000] {manager.py:759} INFO - Searching for files in /opt/airflow/dags
[2025-04-17T15:35:26.102+0000] {manager.py:762} INFO - There are 0 files in /opt/airflow/dags
[2025-04-17T15:40:26.847+0000] {manager.py:759} INFO - Searching for files in /opt/airflow/dags
[2025-04-17T15:40:26.851+0000] {manager.py:762} INFO - There are 0 files in /opt/airflow/dags
[2025-04-17T15:45:27.157+0000] {manager.py:759} INFO - Searching for files in /opt/airflow/dags
[2025-04-17T15:45:27.161+0000] {manager.py:762} INFO - There are 0 files in /opt/airflow/dags
[2025-04-17T15:50:28.138+0000] {manager.py:759} INFO - Searching for files in /opt/airflow/dags
[2025-04-17T15:50:28.145+0000] {manager.py:762} INFO - There are 0 files in /opt/airflow/dags
[2025-04-17T15:55:28.412+0000] {manager.py:759} INFO - Searching for files in /opt/airflow/dags
[2025-04-17T15:55:28.417+0000] {manager.py:762} INFO - There are 0 files in /opt/airflow/dags
[2025-04-17T16:00:29.171+0000] {manager.py:759} INFO - Searching for files in /opt/airflow/dags
[2025-04-17T16:00:29.179+0000] {manager.py:762} INFO - There are 0 files in /opt/airflow/dags
[2025-04-17T16:05:29.864+0000] {manager.py:759} INFO - Searching for files in /opt/airflow/dags
[2025-04-17T16:05:29.872+0000] {manager.py:762} INFO - There are 0 files in /opt/airflow/dags
[2025-04-17T16:10:30.660+0000] {manager.py:759} INFO - Searching for files in /opt/airflow/dags
[2025-04-17T16:10:30.667+0000] {manager.py:762} INFO - There are 0 files in /opt/airflow/dags
[2025-04-17T16:15:31.623+0000] {manager.py:759} INFO - Searching for files in /opt/airflow/dags
[2025-04-17T16:15:31.632+0000] {manager.py:762} INFO - There are 0 files in /opt/airflow/dags
[2025-04-17T16:20:32.226+0000] {manager.py:759} INFO - Searching for files in /opt/airflow/dags
[2025-04-17T16:20:32.231+0000] {manager.py:762} INFO - There are 0 files in /opt/airflow/dags
[2025-04-17T16:25:32.659+0000] {manager.py:759} INFO - Searching for files in /opt/airflow/dags
[2025-04-17T16:25:32.664+0000] {manager.py:762} INFO - There are 0 files in /opt/airflow/dags
[2025-04-17T16:30:32.975+0000] {manager.py:759} INFO - Searching for files in /opt/airflow/dags
[2025-04-17T16:30:32.982+0000] {manager.py:762} INFO - There are 0 files in /opt/airflow/dags
[2025-04-17T16:35:33.247+0000] {manager.py:759} INFO - Searching for files in /opt/airflow/dags
[2025-04-17T16:35:33.254+0000] {manager.py:762} INFO - There are 0 files in /opt/airflow/dags
[2025-04-17T17:10:43.002+0000] {manager.py:759} INFO - Searching for files in /opt/airflow/dags
[2025-04-17T17:13:39.504+0000] {manager.py:762} INFO - There are 0 files in /opt/airflow/dags
[2025-04-17T18:11:45.354+0000] {manager.py:759} INFO - Searching for files in /opt/airflow/dags
[2025-04-17T18:11:45.516+0000] {manager.py:762} INFO - There are 0 files in /opt/airflow/dags
[2025-04-17T18:16:45.992+0000] {manager.py:759} INFO - Searching for files in /opt/airflow/dags
[2025-04-17T18:16:45.997+0000] {manager.py:762} INFO - There are 0 files in /opt/airflow/dags
[2025-04-17T18:21:46.817+0000] {manager.py:759} INFO - Searching for files in /opt/airflow/dags
[2025-04-17T18:21:46.827+0000] {manager.py:762} INFO - There are 0 files in /opt/airflow/dags
[2025-04-17T18:26:47.155+0000] {manager.py:759} INFO - Searching for files in /opt/airflow/dags
[2025-04-17T18:26:47.159+0000] {manager.py:762} INFO - There are 0 files in /opt/airflow/dags
[2025-04-17T18:31:47.240+0000] {manager.py:759} INFO - Searching for files in /opt/airflow/dags
[2025-04-17T18:31:47.246+0000] {manager.py:762} INFO - There are 0 files in /opt/airflow/dags
[2025-04-17T18:36:48.166+0000] {manager.py:759} INFO - Searching for files in /opt/airflow/dags
[2025-04-17T18:36:48.171+0000] {manager.py:762} INFO - There are 0 files in /opt/airflow/dags
[2025-04-17T18:41:48.884+0000] {manager.py:759} INFO - Searching for files in /opt/airflow/dags
[2025-04-17T18:41:48.890+0000] {manager.py:762} INFO - There are 0 files in /opt/airflow/dags
[2025-04-17T18:46:49.354+0000] {manager.py:759} INFO - Searching for files in /opt/airflow/dags
[2025-04-17T18:46:49.362+0000] {manager.py:762} INFO - There are 0 files in /opt/airflow/dags
[2025-04-17T18:51:49.766+0000] {manager.py:759} INFO - Searching for files in /opt/airflow/dags
[2025-04-17T18:51:49.771+0000] {manager.py:762} INFO - There are 0 files in /opt/airflow/dags
[2025-04-17T18:56:49.805+0000] {manager.py:759} INFO - Searching for files in /opt/airflow/dags
[2025-04-17T18:56:49.814+0000] {manager.py:762} INFO - There are 0 files in /opt/airflow/dags
[2025-04-17T19:01:49.926+0000] {manager.py:759} INFO - Searching for files in /opt/airflow/dags
[2025-04-17T19:01:49.936+0000] {manager.py:762} INFO - There are 0 files in /opt/airflow/dags
[2025-04-17T19:06:49.946+0000] {manager.py:759} INFO - Searching for files in /opt/airflow/dags
[2025-04-17T19:06:49.951+0000] {manager.py:762} INFO - There are 0 files in /opt/airflow/dags
[2025-04-17T19:11:50.646+0000] {manager.py:759} INFO - Searching for files in /opt/airflow/dags
[2025-04-17T19:11:50.653+0000] {manager.py:762} INFO - There are 0 files in /opt/airflow/dags
[2025-04-17T19:16:50.977+0000] {manager.py:759} INFO - Searching for files in /opt/airflow/dags
[2025-04-17T19:16:50.985+0000] {manager.py:762} INFO - There are 0 files in /opt/airflow/dags
[2025-04-17T19:21:51.568+0000] {manager.py:759} INFO - Searching for files in /opt/airflow/dags
[2025-04-17T19:21:51.575+0000] {manager.py:762} INFO - There are 0 files in /opt/airflow/dags
[2025-04-17T19:26:52.073+0000] {manager.py:759} INFO - Searching for files in /opt/airflow/dags
[2025-04-17T19:26:52.079+0000] {manager.py:762} INFO - There are 0 files in /opt/airflow/dags
[2025-04-17T19:31:52.299+0000] {manager.py:759} INFO - Searching for files in /opt/airflow/dags
[2025-04-17T19:31:52.307+0000] {manager.py:762} INFO - There are 0 files in /opt/airflow/dags
[2025-04-17T19:36:52.356+0000] {manager.py:759} INFO - Searching for files in /opt/airflow/dags
[2025-04-17T19:36:52.366+0000] {manager.py:762} INFO - There are 0 files in /opt/airflow/dags
[2025-04-17T19:43:51.161+0000] {manager.py:759} INFO - Searching for files in /opt/airflow/dags
[2025-04-17T19:43:51.167+0000] {manager.py:762} INFO - There are 0 files in /opt/airflow/dags
[2025-04-17T19:48:51.915+0000] {manager.py:759} INFO - Searching for files in /opt/airflow/dags
[2025-04-17T19:48:51.919+0000] {manager.py:762} INFO - There are 0 files in /opt/airflow/dags
[2025-04-17T19:53:52.046+0000] {manager.py:759} INFO - Searching for files in /opt/airflow/dags
[2025-04-17T19:53:52.054+0000] {manager.py:762} INFO - There are 0 files in /opt/airflow/dags
[2025-04-17T19:58:52.995+0000] {manager.py:759} INFO - Searching for files in /opt/airflow/dags
[2025-04-17T19:58:52.998+0000] {manager.py:762} INFO - There are 0 files in /opt/airflow/dags
[2025-04-17T20:03:53.712+0000] {manager.py:759} INFO - Searching for files in /opt/airflow/dags
[2025-04-17T20:03:53.716+0000] {manager.py:762} INFO - There are 0 files in /opt/airflow/dags
[2025-04-17T20:08:54.473+0000] {manager.py:759} INFO - Searching for files in /opt/airflow/dags
[2025-04-17T20:08:54.486+0000] {manager.py:762} INFO - There are 0 files in /opt/airflow/dags
[2025-04-17T20:13:54.892+0000] {manager.py:759} INFO - Searching for files in /opt/airflow/dags
[2025-04-17T20:13:54.898+0000] {manager.py:762} INFO - There are 0 files in /opt/airflow/dags
[2025-04-17T20:18:55.815+0000] {manager.py:759} INFO - Searching for files in /opt/airflow/dags
[2025-04-17T20:18:55.820+0000] {manager.py:762} INFO - There are 0 files in /opt/airflow/dags
[2025-04-17T20:23:55.960+0000] {manager.py:759} INFO - Searching for files in /opt/airflow/dags
[2025-04-17T20:23:55.969+0000] {manager.py:762} INFO - There are 0 files in /opt/airflow/dags
[2025-04-17T20:28:56.890+0000] {manager.py:759} INFO - Searching for files in /opt/airflow/dags
[2025-04-17T20:28:56.896+0000] {manager.py:762} INFO - There are 0 files in /opt/airflow/dags
[2025-04-17T20:33:57.448+0000] {manager.py:759} INFO - Searching for files in /opt/airflow/dags
[2025-04-17T20:33:57.458+0000] {manager.py:762} INFO - There are 0 files in /opt/airflow/dags
[2025-04-17T20:38:58.204+0000] {manager.py:759} INFO - Searching for files in /opt/airflow/dags
[2025-04-17T20:38:58.209+0000] {manager.py:762} INFO - There are 0 files in /opt/airflow/dags
[2025-04-17T20:43:58.725+0000] {manager.py:759} INFO - Searching for files in /opt/airflow/dags
[2025-04-17T20:43:58.734+0000] {manager.py:762} INFO - There are 0 files in /opt/airflow/dags
[2025-04-17T20:48:59.113+0000] {manager.py:759} INFO - Searching for files in /opt/airflow/dags
[2025-04-17T20:48:59.117+0000] {manager.py:762} INFO - There are 0 files in /opt/airflow/dags
[2025-04-17T20:53:59.170+0000] {manager.py:759} INFO - Searching for files in /opt/airflow/dags
[2025-04-17T20:53:59.178+0000] {manager.py:762} INFO - There are 0 files in /opt/airflow/dags
[2025-04-17T20:58:59.960+0000] {manager.py:759} INFO - Searching for files in /opt/airflow/dags
[2025-04-17T20:58:59.965+0000] {manager.py:762} INFO - There are 0 files in /opt/airflow/dags
[2025-04-17T21:04:00.805+0000] {manager.py:759} INFO - Searching for files in /opt/airflow/dags
[2025-04-17T21:04:00.809+0000] {manager.py:762} INFO - There are 0 files in /opt/airflow/dags
[2025-04-17T21:09:01.331+0000] {manager.py:759} INFO - Searching for files in /opt/airflow/dags
[2025-04-17T21:09:01.342+0000] {manager.py:762} INFO - There are 0 files in /opt/airflow/dags
[2025-04-17T21:14:01.382+0000] {manager.py:759} INFO - Searching for files in /opt/airflow/dags
[2025-04-17T21:14:01.387+0000] {manager.py:762} INFO - There are 0 files in /opt/airflow/dags
[2025-04-17T21:19:01.817+0000] {manager.py:759} INFO - Searching for files in /opt/airflow/dags
[2025-04-17T21:19:01.825+0000] {manager.py:762} INFO - There are 0 files in /opt/airflow/dags
[2025-04-17T21:24:02.757+0000] {manager.py:759} INFO - Searching for files in /opt/airflow/dags
[2025-04-17T21:24:02.765+0000] {manager.py:762} INFO - There are 0 files in /opt/airflow/dags
[2025-04-17T21:29:02.965+0000] {manager.py:759} INFO - Searching for files in /opt/airflow/dags
[2025-04-17T21:29:02.974+0000] {manager.py:762} INFO - There are 0 files in /opt/airflow/dags
[2025-04-17T21:34:03.258+0000] {manager.py:759} INFO - Searching for files in /opt/airflow/dags
[2025-04-17T21:34:03.295+0000] {manager.py:762} INFO - There are 0 files in /opt/airflow/dags
[2025-04-17T22:02:49.694+0000] {manager.py:759} INFO - Searching for files in /opt/airflow/dags
[2025-04-17T22:02:49.699+0000] {manager.py:762} INFO - There are 0 files in /opt/airflow/dags
[2025-04-17T23:35:45.988+0000] {manager.py:759} INFO - Searching for files in /opt/airflow/dags
[2025-04-17T23:35:45.996+0000] {manager.py:762} INFO - There are 0 files in /opt/airflow/dags
[2025-04-17T23:45:28.674+0000] {manager.py:759} INFO - Searching for files in /opt/airflow/dags
[2025-04-17T23:45:28.686+0000] {manager.py:762} INFO - There are 0 files in /opt/airflow/dags
[2025-04-17T23:50:29.195+0000] {manager.py:759} INFO - Searching for files in /opt/airflow/dags
[2025-04-17T23:50:29.203+0000] {manager.py:762} INFO - There are 0 files in /opt/airflow/dags
[2025-04-17T23:55:30.014+0000] {manager.py:759} INFO - Searching for files in /opt/airflow/dags
[2025-04-17T23:55:30.019+0000] {manager.py:762} INFO - There are 0 files in /opt/airflow/dags
[2025-04-18T00:00:30.162+0000] {manager.py:759} INFO - Searching for files in /opt/airflow/dags
[2025-04-18T00:00:30.170+0000] {manager.py:762} INFO - There are 0 files in /opt/airflow/dags
[2025-04-18T00:05:30.616+0000] {manager.py:759} INFO - Searching for files in /opt/airflow/dags
[2025-04-18T00:05:30.622+0000] {manager.py:762} INFO - There are 0 files in /opt/airflow/dags
[2025-04-18T00:10:30.738+0000] {manager.py:759} INFO - Searching for files in /opt/airflow/dags
[2025-04-18T00:10:30.743+0000] {manager.py:762} INFO - There are 0 files in /opt/airflow/dags
[2025-04-18T00:15:31.476+0000] {manager.py:759} INFO - Searching for files in /opt/airflow/dags
[2025-04-18T00:15:31.487+0000] {manager.py:762} INFO - There are 0 files in /opt/airflow/dags
[2025-04-18T00:20:31.482+0000] {manager.py:759} INFO - Searching for files in /opt/airflow/dags
[2025-04-18T00:20:31.487+0000] {manager.py:762} INFO - There are 0 files in /opt/airflow/dags
[2025-04-18T00:25:32.179+0000] {manager.py:759} INFO - Searching for files in /opt/airflow/dags
[2025-04-18T00:25:32.187+0000] {manager.py:762} INFO - There are 0 files in /opt/airflow/dags
[2025-04-18T00:30:32.559+0000] {manager.py:759} INFO - Searching for files in /opt/airflow/dags
[2025-04-18T00:30:32.568+0000] {manager.py:762} INFO - There are 0 files in /opt/airflow/dags
[2025-04-18T00:35:33.320+0000] {manager.py:759} INFO - Searching for files in /opt/airflow/dags
[2025-04-18T00:35:33.331+0000] {manager.py:762} INFO - There are 0 files in /opt/airflow/dags
[2025-04-18T00:40:34.091+0000] {manager.py:759} INFO - Searching for files in /opt/airflow/dags
[2025-04-18T00:40:34.103+0000] {manager.py:762} INFO - There are 0 files in /opt/airflow/dags
[2025-04-18T00:49:06.553+0000] {manager.py:759} INFO - Searching for files in /opt/airflow/dags
[2025-04-18T00:49:06.562+0000] {manager.py:762} INFO - There are 0 files in /opt/airflow/dags
[2025-04-18T00:58:39.270+0000] {manager.py:759} INFO - Searching for files in /opt/airflow/dags
[2025-04-18T00:58:39.277+0000] {manager.py:762} INFO - There are 0 files in /opt/airflow/dags
[2025-04-18T08:07:59.967+0000] {manager.py:759} INFO - Searching for files in /opt/airflow/dags
[2025-04-18T08:07:59.994+0000] {manager.py:762} INFO - There are 0 files in /opt/airflow/dags
[2025-04-18T08:13:00.450+0000] {manager.py:759} INFO - Searching for files in /opt/airflow/dags
[2025-04-18T08:13:00.460+0000] {manager.py:762} INFO - There are 0 files in /opt/airflow/dags
[2025-04-18T08:18:00.707+0000] {manager.py:759} INFO - Searching for files in /opt/airflow/dags
[2025-04-18T08:18:00.715+0000] {manager.py:762} INFO - There are 0 files in /opt/airflow/dags
[2025-04-18T08:23:01.021+0000] {manager.py:759} INFO - Searching for files in /opt/airflow/dags
[2025-04-18T08:23:01.032+0000] {manager.py:762} INFO - There are 0 files in /opt/airflow/dags
[2025-04-18T08:28:01.371+0000] {manager.py:759} INFO - Searching for files in /opt/airflow/dags
[2025-04-18T08:28:01.378+0000] {manager.py:762} INFO - There are 0 files in /opt/airflow/dags
[2025-04-18T08:33:01.424+0000] {manager.py:759} INFO - Searching for files in /opt/airflow/dags
[2025-04-18T08:33:01.431+0000] {manager.py:762} INFO - There are 0 files in /opt/airflow/dags
[2025-04-18T08:38:02.306+0000] {manager.py:759} INFO - Searching for files in /opt/airflow/dags
[2025-04-18T08:38:02.312+0000] {manager.py:762} INFO - There are 0 files in /opt/airflow/dags
[2025-04-18T08:43:03.271+0000] {manager.py:759} INFO - Searching for files in /opt/airflow/dags
[2025-04-18T08:43:03.282+0000] {manager.py:762} INFO - There are 0 files in /opt/airflow/dags
[2025-04-18T08:48:03.829+0000] {manager.py:759} INFO - Searching for files in /opt/airflow/dags
[2025-04-18T08:48:03.835+0000] {manager.py:762} INFO - There are 0 files in /opt/airflow/dags
[2025-04-18T08:53:04.776+0000] {manager.py:759} INFO - Searching for files in /opt/airflow/dags
[2025-04-18T08:53:04.786+0000] {manager.py:762} INFO - There are 0 files in /opt/airflow/dags
[2025-04-18T08:58:05.519+0000] {manager.py:759} INFO - Searching for files in /opt/airflow/dags
[2025-04-18T08:58:05.526+0000] {manager.py:762} INFO - There are 0 files in /opt/airflow/dags
[2025-04-18T09:04:15.418+0000] {manager.py:759} INFO - Searching for files in /opt/airflow/dags
[2025-04-18T09:04:15.423+0000] {manager.py:762} INFO - There are 0 files in /opt/airflow/dags
[2025-04-18T09:09:15.675+0000] {manager.py:759} INFO - Searching for files in /opt/airflow/dags
[2025-04-18T09:09:15.681+0000] {manager.py:762} INFO - There are 0 files in /opt/airflow/dags
[2025-04-18T09:14:16.065+0000] {manager.py:759} INFO - Searching for files in /opt/airflow/dags
[2025-04-18T09:14:16.072+0000] {manager.py:762} INFO - There are 0 files in /opt/airflow/dags
[2025-04-18T09:19:16.996+0000] {manager.py:759} INFO - Searching for files in /opt/airflow/dags
[2025-04-18T09:19:17.009+0000] {manager.py:762} INFO - There are 0 files in /opt/airflow/dags
[2025-04-18T09:24:17.310+0000] {manager.py:759} INFO - Searching for files in /opt/airflow/dags
[2025-04-18T09:24:17.317+0000] {manager.py:762} INFO - There are 0 files in /opt/airflow/dags
[2025-04-18T09:29:18.236+0000] {manager.py:759} INFO - Searching for files in /opt/airflow/dags
[2025-04-18T09:29:18.242+0000] {manager.py:762} INFO - There are 0 files in /opt/airflow/dags
[2025-04-18T09:34:19.202+0000] {manager.py:759} INFO - Searching for files in /opt/airflow/dags
[2025-04-18T09:34:19.215+0000] {manager.py:762} INFO - There are 0 files in /opt/airflow/dags
[2025-04-18T09:54:59.568+0000] {manager.py:759} INFO - Searching for files in /opt/airflow/dags
[2025-04-18T09:54:59.610+0000] {manager.py:762} INFO - There are 0 files in /opt/airflow/dags
[2025-04-18T10:00:00.265+0000] {manager.py:759} INFO - Searching for files in /opt/airflow/dags
[2025-04-18T10:00:00.269+0000] {manager.py:762} INFO - There are 0 files in /opt/airflow/dags
[2025-04-18T10:05:00.526+0000] {manager.py:759} INFO - Searching for files in /opt/airflow/dags
[2025-04-18T10:05:00.535+0000] {manager.py:762} INFO - There are 0 files in /opt/airflow/dags
[2025-04-18T10:10:01.360+0000] {manager.py:759} INFO - Searching for files in /opt/airflow/dags
[2025-04-18T10:10:01.367+0000] {manager.py:762} INFO - There are 0 files in /opt/airflow/dags
[2025-04-18T10:15:02.053+0000] {manager.py:759} INFO - Searching for files in /opt/airflow/dags
[2025-04-18T10:15:02.059+0000] {manager.py:762} INFO - There are 0 files in /opt/airflow/dags
[2025-04-18T10:20:02.302+0000] {manager.py:759} INFO - Searching for files in /opt/airflow/dags
[2025-04-18T10:20:02.311+0000] {manager.py:762} INFO - There are 0 files in /opt/airflow/dags
[2025-04-18T10:25:02.511+0000] {manager.py:759} INFO - Searching for files in /opt/airflow/dags
[2025-04-18T10:25:02.516+0000] {manager.py:762} INFO - There are 0 files in /opt/airflow/dags
[2025-04-18T10:30:03.096+0000] {manager.py:759} INFO - Searching for files in /opt/airflow/dags
[2025-04-18T10:30:03.099+0000] {manager.py:762} INFO - There are 0 files in /opt/airflow/dags
[2025-04-18T10:35:03.888+0000] {manager.py:759} INFO - Searching for files in /opt/airflow/dags
[2025-04-18T10:35:03.894+0000] {manager.py:762} INFO - There are 0 files in /opt/airflow/dags
[2025-04-18T10:40:04.181+0000] {manager.py:759} INFO - Searching for files in /opt/airflow/dags
[2025-04-18T10:40:04.188+0000] {manager.py:762} INFO - There are 0 files in /opt/airflow/dags
[2025-04-18T10:45:04.612+0000] {manager.py:759} INFO - Searching for files in /opt/airflow/dags
[2025-04-18T10:45:04.621+0000] {manager.py:762} INFO - There are 0 files in /opt/airflow/dags
[2025-04-18T10:50:05.326+0000] {manager.py:759} INFO - Searching for files in /opt/airflow/dags
[2025-04-18T10:50:05.333+0000] {manager.py:762} INFO - There are 0 files in /opt/airflow/dags
[2025-04-18T10:55:05.485+0000] {manager.py:759} INFO - Searching for files in /opt/airflow/dags
[2025-04-18T10:55:05.601+0000] {manager.py:762} INFO - There are 0 files in /opt/airflow/dags
[2025-04-18T11:00:06.423+0000] {manager.py:759} INFO - Searching for files in /opt/airflow/dags
[2025-04-18T11:00:06.462+0000] {manager.py:762} INFO - There are 0 files in /opt/airflow/dags
[2025-04-18T11:05:06.436+0000] {manager.py:759} INFO - Searching for files in /opt/airflow/dags
[2025-04-18T11:05:06.444+0000] {manager.py:762} INFO - There are 0 files in /opt/airflow/dags
[2025-04-18T11:10:07.074+0000] {manager.py:759} INFO - Searching for files in /opt/airflow/dags
[2025-04-18T11:10:07.083+0000] {manager.py:762} INFO - There are 0 files in /opt/airflow/dags
[2025-04-18T11:15:08.046+0000] {manager.py:759} INFO - Searching for files in /opt/airflow/dags
[2025-04-18T11:15:08.058+0000] {manager.py:762} INFO - There are 0 files in /opt/airflow/dags
[2025-04-18T11:20:08.236+0000] {manager.py:759} INFO - Searching for files in /opt/airflow/dags
[2025-04-18T11:20:08.262+0000] {manager.py:762} INFO - There are 0 files in /opt/airflow/dags
[2025-04-18T11:25:09.012+0000] {manager.py:759} INFO - Searching for files in /opt/airflow/dags
[2025-04-18T11:25:09.016+0000] {manager.py:762} INFO - There are 0 files in /opt/airflow/dags
[2025-04-18T11:30:09.090+0000] {manager.py:759} INFO - Searching for files in /opt/airflow/dags
[2025-04-18T11:30:09.095+0000] {manager.py:762} INFO - There are 0 files in /opt/airflow/dags
[2025-04-18T11:35:09.507+0000] {manager.py:759} INFO - Searching for files in /opt/airflow/dags
[2025-04-18T11:35:09.512+0000] {manager.py:762} INFO - There are 0 files in /opt/airflow/dags
[2025-04-18T11:40:10.354+0000] {manager.py:759} INFO - Searching for files in /opt/airflow/dags
[2025-04-18T11:40:10.485+0000] {manager.py:762} INFO - There are 0 files in /opt/airflow/dags
[2025-04-18T11:45:10.884+0000] {manager.py:759} INFO - Searching for files in /opt/airflow/dags
[2025-04-18T11:45:10.900+0000] {manager.py:762} INFO - There are 0 files in /opt/airflow/dags
[2025-04-18T11:50:11.702+0000] {manager.py:759} INFO - Searching for files in /opt/airflow/dags
[2025-04-18T11:50:11.711+0000] {manager.py:762} INFO - There are 0 files in /opt/airflow/dags
[2025-04-18T11:55:11.934+0000] {manager.py:759} INFO - Searching for files in /opt/airflow/dags
[2025-04-18T11:55:11.940+0000] {manager.py:762} INFO - There are 0 files in /opt/airflow/dags
[2025-04-18T12:00:12.890+0000] {manager.py:759} INFO - Searching for files in /opt/airflow/dags
[2025-04-18T12:00:12.899+0000] {manager.py:762} INFO - There are 0 files in /opt/airflow/dags
[2025-04-18T12:05:13.386+0000] {manager.py:759} INFO - Searching for files in /opt/airflow/dags
[2025-04-18T12:05:13.397+0000] {manager.py:762} INFO - There are 0 files in /opt/airflow/dags
[2025-04-18T12:10:14.225+0000] {manager.py:759} INFO - Searching for files in /opt/airflow/dags
[2025-04-18T12:10:14.234+0000] {manager.py:762} INFO - There are 0 files in /opt/airflow/dags
[2025-04-18T12:15:15.112+0000] {manager.py:759} INFO - Searching for files in /opt/airflow/dags
[2025-04-18T12:15:15.123+0000] {manager.py:762} INFO - There are 0 files in /opt/airflow/dags
[2025-04-18T12:52:26.312+0000] {manager.py:759} INFO - Searching for files in /opt/airflow/dags
[2025-04-18T12:52:26.318+0000] {manager.py:762} INFO - There are 0 files in /opt/airflow/dags
[2025-04-18T13:08:05.154+0000] {manager.py:759} INFO - Searching for files in /opt/airflow/dags
[2025-04-18T14:07:09.093+0000] {manager.py:762} INFO - There are 0 files in /opt/airflow/dags
[2025-04-18T14:07:09.841+0000] {manager.py:759} INFO - Searching for files in /opt/airflow/dags
[2025-04-18T14:07:09.979+0000] {manager.py:762} INFO - There are 0 files in /opt/airflow/dags
[2025-04-18T14:12:10.605+0000] {manager.py:759} INFO - Searching for files in /opt/airflow/dags
[2025-04-18T14:12:10.611+0000] {manager.py:762} INFO - There are 0 files in /opt/airflow/dags
[2025-04-18T14:17:11.281+0000] {manager.py:759} INFO - Searching for files in /opt/airflow/dags
[2025-04-18T14:17:11.290+0000] {manager.py:762} INFO - There are 0 files in /opt/airflow/dags
[2025-04-18T14:22:11.747+0000] {manager.py:759} INFO - Searching for files in /opt/airflow/dags
[2025-04-18T14:22:11.754+0000] {manager.py:762} INFO - There are 0 files in /opt/airflow/dags
[2025-04-18T14:27:11.766+0000] {manager.py:759} INFO - Searching for files in /opt/airflow/dags
[2025-04-18T14:27:11.771+0000] {manager.py:762} INFO - There are 0 files in /opt/airflow/dags
[2025-04-18T14:32:11.857+0000] {manager.py:759} INFO - Searching for files in /opt/airflow/dags
[2025-04-18T14:32:11.866+0000] {manager.py:762} INFO - There are 0 files in /opt/airflow/dags
[2025-04-18T14:37:12.340+0000] {manager.py:759} INFO - Searching for files in /opt/airflow/dags
[2025-04-18T14:37:12.347+0000] {manager.py:762} INFO - There are 0 files in /opt/airflow/dags
[2025-04-18T14:42:12.362+0000] {manager.py:759} INFO - Searching for files in /opt/airflow/dags
[2025-04-18T14:42:12.371+0000] {manager.py:762} INFO - There are 0 files in /opt/airflow/dags
[2025-04-18T14:47:12.934+0000] {manager.py:759} INFO - Searching for files in /opt/airflow/dags
[2025-04-18T14:47:12.943+0000] {manager.py:762} INFO - There are 0 files in /opt/airflow/dags
[2025-04-18T14:52:13.736+0000] {manager.py:759} INFO - Searching for files in /opt/airflow/dags
[2025-04-18T14:52:13.741+0000] {manager.py:762} INFO - There are 0 files in /opt/airflow/dags
[2025-04-18T14:57:13.880+0000] {manager.py:759} INFO - Searching for files in /opt/airflow/dags
[2025-04-18T14:57:13.890+0000] {manager.py:762} INFO - There are 0 files in /opt/airflow/dags
[2025-04-18T14:57:19.456+0000] {manager.py:469} INFO - Exiting gracefully upon receiving signal 15
[2025-04-18T14:58:32.540+0000] {manager.py:487} INFO - Processing files using up to 2 processes at a time 
[2025-04-18T14:58:32.541+0000] {manager.py:488} INFO - Process each file at most once every 30 seconds
[2025-04-18T14:58:32.542+0000] {manager.py:489} INFO - Checking for new files in /opt/airflow/dags every 300 seconds
[2025-04-18T14:58:32.543+0000] {manager.py:759} INFO - Searching for files in /opt/airflow/dags
[2025-04-18T14:58:32.549+0000] {manager.py:762} INFO - There are 0 files in /opt/airflow/dags
[2025-04-18T15:03:32.678+0000] {manager.py:759} INFO - Searching for files in /opt/airflow/dags
[2025-04-18T15:03:32.689+0000] {manager.py:762} INFO - There are 0 files in /opt/airflow/dags
[2025-04-18T15:08:33.106+0000] {manager.py:759} INFO - Searching for files in /opt/airflow/dags
[2025-04-18T15:08:33.118+0000] {manager.py:762} INFO - There are 0 files in /opt/airflow/dags
[2025-04-18T15:13:33.947+0000] {manager.py:759} INFO - Searching for files in /opt/airflow/dags
[2025-04-18T15:13:33.956+0000] {manager.py:762} INFO - There are 0 files in /opt/airflow/dags
[2025-04-18T15:18:34.496+0000] {manager.py:759} INFO - Searching for files in /opt/airflow/dags
[2025-04-18T15:18:34.504+0000] {manager.py:762} INFO - There are 0 files in /opt/airflow/dags
[2025-04-18T15:23:35.289+0000] {manager.py:759} INFO - Searching for files in /opt/airflow/dags
[2025-04-18T15:23:35.296+0000] {manager.py:762} INFO - There are 0 files in /opt/airflow/dags
[2025-04-18T15:28:36.075+0000] {manager.py:759} INFO - Searching for files in /opt/airflow/dags
[2025-04-18T15:28:36.082+0000] {manager.py:762} INFO - There are 0 files in /opt/airflow/dags
[2025-04-18T15:33:36.550+0000] {manager.py:759} INFO - Searching for files in /opt/airflow/dags
[2025-04-18T15:33:36.561+0000] {manager.py:762} INFO - There are 0 files in /opt/airflow/dags
[2025-04-18T15:38:36.836+0000] {manager.py:759} INFO - Searching for files in /opt/airflow/dags
[2025-04-18T15:38:36.842+0000] {manager.py:762} INFO - There are 0 files in /opt/airflow/dags
[2025-04-18T15:43:36.971+0000] {manager.py:759} INFO - Searching for files in /opt/airflow/dags
[2025-04-18T15:43:36.979+0000] {manager.py:762} INFO - There are 0 files in /opt/airflow/dags
[2025-04-18T15:48:37.360+0000] {manager.py:759} INFO - Searching for files in /opt/airflow/dags
[2025-04-18T15:48:37.364+0000] {manager.py:762} INFO - There are 0 files in /opt/airflow/dags
[2025-04-18T15:53:37.440+0000] {manager.py:759} INFO - Searching for files in /opt/airflow/dags
[2025-04-18T15:53:37.449+0000] {manager.py:762} INFO - There are 0 files in /opt/airflow/dags
[2025-04-18T15:58:37.834+0000] {manager.py:759} INFO - Searching for files in /opt/airflow/dags
[2025-04-18T15:58:37.844+0000] {manager.py:762} INFO - There are 0 files in /opt/airflow/dags
[2025-04-18T16:03:38.789+0000] {manager.py:759} INFO - Searching for files in /opt/airflow/dags
[2025-04-18T16:03:38.803+0000] {manager.py:762} INFO - There are 0 files in /opt/airflow/dags
[2025-04-18T16:08:39.585+0000] {manager.py:759} INFO - Searching for files in /opt/airflow/dags
[2025-04-18T16:08:39.590+0000] {manager.py:762} INFO - There are 0 files in /opt/airflow/dags
[2025-04-18T16:13:40.001+0000] {manager.py:759} INFO - Searching for files in /opt/airflow/dags
[2025-04-18T16:13:40.005+0000] {manager.py:762} INFO - There are 0 files in /opt/airflow/dags
[2025-04-18T16:18:40.507+0000] {manager.py:759} INFO - Searching for files in /opt/airflow/dags
[2025-04-18T16:18:40.514+0000] {manager.py:762} INFO - There are 0 files in /opt/airflow/dags
[2025-04-18T16:23:41.349+0000] {manager.py:759} INFO - Searching for files in /opt/airflow/dags
[2025-04-18T16:23:41.365+0000] {manager.py:762} INFO - There are 0 files in /opt/airflow/dags
[2025-04-18T16:28:42.221+0000] {manager.py:759} INFO - Searching for files in /opt/airflow/dags
[2025-04-18T16:28:42.231+0000] {manager.py:762} INFO - There are 0 files in /opt/airflow/dags
